2025-08-23 22:04:52,667 [INFO] Activator:176 - 


2025-08-23 22:04:52,667 [INFO] Activator:177 - !SESSION log4j initialized
2025-08-23 22:04:54,873 [INFO] LogOutputStream:77 - [STDOUT_REDIRECT] 
2025-08-23 22:04:57,113 [INFO] ApplicationProperties:184 - Using Application install path: C:\ST\STM32CubeIDE_1.14.0\STM32CubeIDE\plugins\com.st.stm32cube.common.mx_6.15.0.202507011659
2025-08-23 22:04:57,126 [INFO] DbMcusXml:78 - Set database path to: C:\ST\STM32CubeIDE_1.14.0\STM32CubeIDE\plugins\com.st.stm32cube.common.mx_6.15.0.202507011659\\db\/mcu/
2025-08-23 22:04:57,127 [INFO] ApiDb:274 - Set plugin database path to: C:\ST\STM32CubeIDE_1.14.0\STM32CubeIDE\plugins\com.st.stm32cube.common.mx_6.15.0.202507011659\\db\/plugins/boardmanager/
2025-08-23 22:04:57,127 [WARN] ApiDb:259 - Overriding images path with different value:  => C:\ST\STM32CubeIDE_1.14.0\STM32CubeIDE\plugins\com.st.stm32cube.common.mx_6.15.0.202507011659\\db\/plugins/mcufinder/images/
2025-08-23 22:04:57,132 [INFO] ApiDb:250 - Set database path to: C:\Users\jihoo\.stmcufinder\plugins\mcufinder//mcu/
2025-08-23 22:04:57,133 [INFO] DbMcusAds:125 - Set database path to: C:\Users\jihoo\.stmcufinder\plugins\mcufinder//mcu/
2025-08-23 22:04:57,135 [INFO] CrossReferenceDbSqlite:203 - Set database path to: C:\Users\jihoo\.stmcufinder\plugins\mcufinder//mcu/cs/
2025-08-23 22:04:57,264 [INFO] RulesReader:64 - Compatibility file has been processed (317 Rules)
2025-08-23 22:04:57,345 [INFO] DbMcusXml:78 - Set database path to: C:\ST\STM32CubeIDE_1.14.0\STM32CubeIDE\plugins\com.st.stm32cube.common.mx_6.15.0.202507011659\\db\/mcu/
2025-08-23 22:04:57,346 [INFO] ApiDb:274 - Set plugin database path to: C:\ST\STM32CubeIDE_1.14.0\STM32CubeIDE\plugins\com.st.stm32cube.common.mx_6.15.0.202507011659\\db\/plugins/boardmanager/
2025-08-23 22:04:57,346 [INFO] ApiDb:261 - Set plugin images path to: C:\ST\STM32CubeIDE_1.14.0\STM32CubeIDE\plugins\com.st.stm32cube.common.mx_6.15.0.202507011659\\db\/plugins/mcufinder/images/
2025-08-23 22:04:57,346 [WARN] DbFile:41 - Overriding database path with different value: C:\Users\jihoo\.stmcufinder\plugins\mcufinder/ => C:\Users\jihoo\.stmcufinder\plugins\mcufinder
2025-08-23 22:04:57,346 [INFO] ApiDb:250 - Set database path to: C:\Users\jihoo\.stmcufinder\plugins\mcufinder//mcu/
2025-08-23 22:04:57,346 [WARN] DbFile:41 - Overriding database path with different value: C:\Users\jihoo\.stmcufinder\plugins\mcufinder/ => C:\Users\jihoo\.stmcufinder\plugins\mcufinder
2025-08-23 22:04:57,346 [INFO] DbMcusAds:125 - Set database path to: C:\Users\jihoo\.stmcufinder\plugins\mcufinder//mcu/
2025-08-23 22:04:57,346 [WARN] DbFile:41 - Overriding database path with different value: C:\Users\jihoo\.stmcufinder\plugins\mcufinder/ => C:\Users\jihoo\.stmcufinder\plugins\mcufinder
2025-08-23 22:04:57,346 [WARN] DbFile:41 - Overriding database path with different value: C:\Users\jihoo\.stmcufinder\plugins\mcufinder/ => C:\Users\jihoo\.stmcufinder\plugins\mcufinder
2025-08-23 22:04:57,347 [INFO] CrossReferenceDbSqlite:203 - Set database path to: C:\Users\jihoo\.stmcufinder\plugins\mcufinder//mcu/cs/
2025-08-23 22:04:57,423 [INFO] MainPanel:274 - HeapMemory: 268435456
2025-08-23 22:04:57,514 [INFO] DbMcusXml:78 - Set database path to: C:\ST\STM32CubeIDE_1.14.0\STM32CubeIDE\plugins\com.st.stm32cube.common.mx_6.15.0.202507011659\\db\/mcu/
2025-08-23 22:04:57,515 [INFO] ApiDb:274 - Set plugin database path to: C:\ST\STM32CubeIDE_1.14.0\STM32CubeIDE\plugins\com.st.stm32cube.common.mx_6.15.0.202507011659\\db\/plugins/boardmanager/
2025-08-23 22:04:57,515 [INFO] ApiDb:261 - Set plugin images path to: C:\ST\STM32CubeIDE_1.14.0\STM32CubeIDE\plugins\com.st.stm32cube.common.mx_6.15.0.202507011659\\db\/plugins/mcufinder/images/
2025-08-23 22:04:57,515 [WARN] DbFile:41 - Overriding database path with different value: C:\Users\jihoo\.stmcufinder\plugins\mcufinder/ => C:\Users\jihoo\.stmcufinder\plugins\mcufinder
2025-08-23 22:04:57,515 [INFO] ApiDb:250 - Set database path to: C:\Users\jihoo\.stmcufinder\plugins\mcufinder//mcu/
2025-08-23 22:04:57,515 [WARN] DbFile:41 - Overriding database path with different value: C:\Users\jihoo\.stmcufinder\plugins\mcufinder/ => C:\Users\jihoo\.stmcufinder\plugins\mcufinder
2025-08-23 22:04:57,516 [INFO] DbMcusAds:125 - Set database path to: C:\Users\jihoo\.stmcufinder\plugins\mcufinder//mcu/
2025-08-23 22:04:57,516 [WARN] DbFile:41 - Overriding database path with different value: C:\Users\jihoo\.stmcufinder\plugins\mcufinder/ => C:\Users\jihoo\.stmcufinder\plugins\mcufinder
2025-08-23 22:04:57,516 [WARN] DbFile:41 - Overriding database path with different value: C:\Users\jihoo\.stmcufinder\plugins\mcufinder/ => C:\Users\jihoo\.stmcufinder\plugins\mcufinder
2025-08-23 22:04:57,516 [INFO] CrossReferenceDbSqlite:203 - Set database path to: C:\Users\jihoo\.stmcufinder\plugins\mcufinder//mcu/cs/
2025-08-23 22:04:57,536 [INFO] ApplicationProperties:184 - Using Application install path: C:\ST\STM32CubeIDE_1.14.0\STM32CubeIDE\plugins\com.st.stm32cube.common.mx_6.15.0.202507011659
2025-08-23 22:04:57,545 [INFO] PluginManage:196 - Search for loadable plugins [exclusion list=, ]
2025-08-23 22:04:57,547 [INFO] PluginManage:310 - Check plugin analytics
2025-08-23 22:04:57,749 [INFO] AnalyticsPlugin:253 - Accepted Software Licenses: STM32CubeMX.6.6.1,STM32CubeMX.6.7.0,STM32CubeMX.6.10.0,STM32CubeMX.6.12.0,STM32CubeMX.6.13.0,STM32CubeMX.6.14.1,STM32CubeMX.6.15.0
2025-08-23 22:04:57,749 [INFO] AnalyticsPlugin:255 - Accepted CMSIS Pack Licenses: Oryx-Embedded.Middleware.2.5.2
2025-08-23 22:04:57,749 [INFO] AnalyticsPlugin:257 - Accepted Firmware Licenses: FW.H7.1.12.0,FW.F4.1.28.0
2025-08-23 22:04:57,752 [INFO] PluginManage:359 - Loaded plugin analytics (category:tool,tabindex:-1)
2025-08-23 22:04:57,752 [INFO] PluginManage:310 - Check plugin cadmodel
2025-08-23 22:04:57,757 [INFO] CADModel:105 - Init CAD model plugin
2025-08-23 22:04:57,757 [INFO] PluginManage:359 - Loaded plugin cadmodel (category:power,tabindex:5)
2025-08-23 22:04:57,757 [INFO] PluginManage:310 - Check plugin clock
2025-08-23 22:04:57,764 [INFO] PluginManage:359 - Loaded plugin clock (category:base,tabindex:2)
2025-08-23 22:04:57,764 [INFO] PluginManage:310 - Check plugin ddr
2025-08-23 22:04:57,766 [INFO] PluginManage:359 - Loaded plugin ddr (category:tool,tabindex:6)
2025-08-23 22:04:57,766 [INFO] PluginManage:310 - Check plugin filemanager
2025-08-23 22:04:57,883 [INFO] PluginManage:359 - Loaded plugin filemanager (category:base,tabindex:10)
2025-08-23 22:04:57,883 [INFO] PluginManage:310 - Check plugin ipmanager
2025-08-23 22:04:57,889 [INFO] PluginManage:359 - Loaded plugin ipmanager (category:base,tabindex:5)
2025-08-23 22:04:57,889 [INFO] PluginManage:310 - Check plugin lpbam
2025-08-23 22:04:57,895 [INFO] PluginManage:359 - Loaded plugin lpbam (category:base,tabindex:0)
2025-08-23 22:04:57,896 [INFO] PluginManage:310 - Check plugin memorymap
2025-08-23 22:04:57,905 [INFO] PluginManage:359 - Loaded plugin memorymap (category:base,tabindex:4)
2025-08-23 22:04:57,905 [INFO] PluginManage:310 - Check plugin pinoutandconfiguration
2025-08-23 22:04:57,911 [INFO] PluginManage:359 - Loaded plugin pinoutandconfiguration (category:base,tabindex:1)
2025-08-23 22:04:57,911 [INFO] PluginManage:310 - Check plugin pinoutconfig
2025-08-23 22:04:57,981 [WARN] SupportedApi:132 - Cannot load RTOS API schema: s4s-elt-must-match.1: The content of 'definitions' must match (annotation?, (simpleType | complexType)?, (unique | key | keyref)*)). A problem was found starting at: attribute.
2025-08-23 22:04:58,083 [INFO] PluginManage:359 - Loaded plugin pinoutconfig (category:base,tabindex:0)
2025-08-23 22:04:58,084 [INFO] PluginManage:310 - Check plugin power
2025-08-23 22:04:58,095 [INFO] PluginManage:359 - Loaded plugin power (category:power,tabindex:4)
2025-08-23 22:04:58,095 [INFO] PluginManage:310 - Check plugin projectmanager
2025-08-23 22:04:58,113 [INFO] PluginManage:359 - Loaded plugin projectmanager (category:projectmanager,tabindex:4)
2025-08-23 22:04:58,113 [INFO] PluginManage:310 - Check plugin rif
2025-08-23 22:04:58,120 [INFO] PluginManage:359 - Loaded plugin rif (category:base,tabindex:3)
2025-08-23 22:04:58,120 [INFO] PluginManage:310 - Check plugin thirdparty
2025-08-23 22:04:58,226 [INFO] PluginManage:359 - Loaded plugin thirdparty (category:base,tabindex:-1)
2025-08-23 22:04:58,226 [INFO] PluginManage:310 - Check plugin tools
2025-08-23 22:04:58,226 [WARN] IntegrityCheckThread:84 - waiting for thirdparty lock release [integrity check]
2025-08-23 22:04:58,226 [INFO] IntegrityCheckThread:86 - entering critical section [integrity check]
2025-08-23 22:04:58,227 [INFO] ThirdPartyUpdaterWithRetryManager:70 - Updater plugin not ready yet. [1/15]
2025-08-23 22:04:58,229 [INFO] PluginManage:359 - Loaded plugin tools (category:base,tabindex:7)
2025-08-23 22:04:58,229 [INFO] PluginManage:310 - Check plugin tutovideos
2025-08-23 22:04:58,388 [INFO] PluginManage:359 - Loaded plugin tutovideos (category:base,tabindex:-1)
2025-08-23 22:04:58,389 [INFO] PluginManage:310 - Check plugin updater
2025-08-23 22:04:58,408 [INFO] PluginManage:359 - Loaded plugin updater (category:base,tabindex:12)
2025-08-23 22:04:58,408 [INFO] PluginManage:310 - Check plugin userauth
2025-08-23 22:04:58,411 [INFO] UserAuth:118 - Init User Auth plugin
2025-08-23 22:04:58,411 [INFO] PluginManage:359 - Loaded plugin userauth (category:base,tabindex:14)
2025-08-23 22:04:58,411 [INFO] PluginManage:283 - PluginManage : Loaded plugins [18]
2025-08-23 22:04:58,583 [INFO] PinOutPanel:1589 - setPackage(No Configuration,No Configuration)
2025-08-23 22:04:58,651 [INFO] CADModel:165 - CPN selected for project level
2025-08-23 22:04:58,652 [INFO] CADModel:114 - Register for checkConnection events
2025-08-23 22:04:58,664 [INFO] IPUIPlugin:80 - create IPUIPlugin
2025-08-23 22:04:58,664 [INFO] PluginManager:220 - loadIPPluginJar : add adc
2025-08-23 22:04:58,667 [INFO] IPUIPlugin:80 - create IPUIPlugin
2025-08-23 22:04:58,667 [INFO] PluginManager:220 - loadIPPluginJar : add aes
2025-08-23 22:04:58,669 [INFO] IPUIPlugin:80 - create IPUIPlugin
2025-08-23 22:04:58,669 [INFO] PluginManager:220 - loadIPPluginJar : add can
2025-08-23 22:04:58,670 [INFO] IPUIPlugin:80 - create IPUIPlugin
2025-08-23 22:04:58,670 [INFO] PluginManager:220 - loadIPPluginJar : add comp
2025-08-23 22:04:58,672 [INFO] IPUIPlugin:80 - create IPUIPlugin
2025-08-23 22:04:58,672 [INFO] PluginManager:220 - loadIPPluginJar : add cryp
2025-08-23 22:04:58,674 [INFO] IPUIPlugin:80 - create IPUIPlugin
2025-08-23 22:04:58,675 [INFO] PluginManager:220 - loadIPPluginJar : add ddr_ctrl_phy
2025-08-23 22:04:58,677 [INFO] IPUIPlugin:80 - create IPUIPlugin
2025-08-23 22:04:58,677 [INFO] PluginManager:220 - loadIPPluginJar : add dfsdm
2025-08-23 22:04:58,681 [INFO] IPUIPlugin:80 - create IPUIPlugin
2025-08-23 22:04:58,681 [INFO] PluginManager:220 - loadIPPluginJar : add dma
2025-08-23 22:04:58,684 [INFO] IPUIPlugin:80 - create IPUIPlugin
2025-08-23 22:04:58,684 [INFO] PluginManager:220 - loadIPPluginJar : add dma3
2025-08-23 22:04:58,686 [INFO] IPUIPlugin:80 - create IPUIPlugin
2025-08-23 22:04:58,686 [INFO] PluginManager:220 - loadIPPluginJar : add extmemmanager
2025-08-23 22:04:58,687 [INFO] IPUIPlugin:80 - create IPUIPlugin
2025-08-23 22:04:58,687 [INFO] PluginManager:220 - loadIPPluginJar : add fatfs
2025-08-23 22:04:58,691 [INFO] IPUIPlugin:80 - create IPUIPlugin
2025-08-23 22:04:58,691 [INFO] PluginManager:220 - loadIPPluginJar : add fmc
2025-08-23 22:04:58,700 [INFO] IPUIPlugin:80 - create IPUIPlugin
2025-08-23 22:04:58,700 [INFO] PluginManager:220 - loadIPPluginJar : add freertos
2025-08-23 22:04:58,702 [INFO] IPUIPlugin:80 - create IPUIPlugin
2025-08-23 22:04:58,702 [INFO] PluginManager:220 - loadIPPluginJar : add genericplugin
2025-08-23 22:04:58,704 [INFO] IPUIPlugin:80 - create IPUIPlugin
2025-08-23 22:04:58,704 [INFO] PluginManager:220 - loadIPPluginJar : add gfxmmu
2025-08-23 22:04:58,709 [INFO] IPUIPlugin:80 - create IPUIPlugin
2025-08-23 22:04:58,709 [INFO] PluginManager:220 - loadIPPluginJar : add gic
2025-08-23 22:04:58,712 [INFO] IPUIPlugin:80 - create IPUIPlugin
2025-08-23 22:04:58,712 [INFO] PluginManager:220 - loadIPPluginJar : add gpio
2025-08-23 22:04:58,715 [INFO] IPUIPlugin:80 - create IPUIPlugin
2025-08-23 22:04:58,715 [INFO] PluginManager:220 - loadIPPluginJar : add gtzc
2025-08-23 22:04:58,716 [INFO] IPUIPlugin:80 - create IPUIPlugin
2025-08-23 22:04:58,717 [INFO] PluginManager:220 - loadIPPluginJar : add hash
2025-08-23 22:04:58,719 [INFO] IPUIPlugin:80 - create IPUIPlugin
2025-08-23 22:04:58,719 [INFO] PluginManager:220 - loadIPPluginJar : add i2c
2025-08-23 22:04:58,721 [INFO] IPUIPlugin:80 - create IPUIPlugin
2025-08-23 22:04:58,721 [INFO] PluginManager:220 - loadIPPluginJar : add i2s
2025-08-23 22:04:58,724 [INFO] IPUIPlugin:80 - create IPUIPlugin
2025-08-23 22:04:58,724 [INFO] PluginManager:220 - loadIPPluginJar : add i3c
2025-08-23 22:04:58,726 [INFO] IPUIPlugin:80 - create IPUIPlugin
2025-08-23 22:04:58,726 [INFO] PluginManager:220 - loadIPPluginJar : add ipddr
2025-08-23 22:04:58,732 [INFO] IPUIPlugin:80 - create IPUIPlugin
2025-08-23 22:04:58,732 [INFO] PluginManager:220 - loadIPPluginJar : add linkedlist
2025-08-23 22:04:58,735 [INFO] IPUIPlugin:80 - create IPUIPlugin
2025-08-23 22:04:58,735 [INFO] PluginManager:220 - loadIPPluginJar : add lorawan
2025-08-23 22:04:58,736 [INFO] IPUIPlugin:80 - create IPUIPlugin
2025-08-23 22:04:58,736 [INFO] PluginManager:220 - loadIPPluginJar : add ltdc
2025-08-23 22:04:58,740 [INFO] IPUIPlugin:80 - create IPUIPlugin
2025-08-23 22:04:58,741 [INFO] PluginManager:220 - loadIPPluginJar : add mdma
2025-08-23 22:04:58,744 [INFO] IPUIPlugin:80 - create IPUIPlugin
2025-08-23 22:04:58,744 [INFO] PluginManager:220 - loadIPPluginJar : add nvic
2025-08-23 22:04:58,747 [INFO] IPUIPlugin:80 - create IPUIPlugin
2025-08-23 22:04:58,747 [INFO] PluginManager:220 - loadIPPluginJar : add opamp
2025-08-23 22:04:58,749 [INFO] IPUIPlugin:80 - create IPUIPlugin
2025-08-23 22:04:58,750 [INFO] PluginManager:220 - loadIPPluginJar : add openamp
2025-08-23 22:04:58,752 [INFO] IPUIPlugin:80 - create IPUIPlugin
2025-08-23 22:04:58,752 [INFO] PluginManager:220 - loadIPPluginJar : add pdm2pcm
2025-08-23 22:04:58,757 [INFO] IPUIPlugin:80 - create IPUIPlugin
2025-08-23 22:04:58,759 [INFO] PluginManager:220 - loadIPPluginJar : add plateformsettings
2025-08-23 22:04:58,761 [INFO] IPUIPlugin:80 - create IPUIPlugin
2025-08-23 22:04:58,761 [INFO] PluginManager:220 - loadIPPluginJar : add quadspi
2025-08-23 22:04:58,762 [INFO] IPUIPlugin:80 - create IPUIPlugin
2025-08-23 22:04:58,763 [INFO] PluginManager:220 - loadIPPluginJar : add radio
2025-08-23 22:04:58,765 [INFO] IPUIPlugin:80 - create IPUIPlugin
2025-08-23 22:04:58,765 [INFO] PluginManager:220 - loadIPPluginJar : add resmgrutility
2025-08-23 22:04:58,768 [INFO] IPUIPlugin:80 - create IPUIPlugin
2025-08-23 22:04:58,768 [INFO] PluginManager:220 - loadIPPluginJar : add sai
2025-08-23 22:04:58,770 [INFO] IPUIPlugin:80 - create IPUIPlugin
2025-08-23 22:04:58,770 [INFO] PluginManager:220 - loadIPPluginJar : add spi
2025-08-23 22:04:58,775 [INFO] IPUIPlugin:80 - create IPUIPlugin
2025-08-23 22:04:58,775 [INFO] PluginManager:220 - loadIPPluginJar : add stm32_wpan
2025-08-23 22:04:58,776 [INFO] IPUIPlugin:80 - create IPUIPlugin
2025-08-23 22:04:58,777 [INFO] PluginManager:220 - loadIPPluginJar : add tim
2025-08-23 22:04:58,779 [INFO] IPUIPlugin:80 - create IPUIPlugin
2025-08-23 22:04:58,779 [INFO] PluginManager:220 - loadIPPluginJar : add touchsensing
2025-08-23 22:04:58,782 [INFO] IPUIPlugin:80 - create IPUIPlugin
2025-08-23 22:04:58,782 [INFO] PluginManager:220 - loadIPPluginJar : add tracer_emb
2025-08-23 22:04:58,784 [INFO] IPUIPlugin:80 - create IPUIPlugin
2025-08-23 22:04:58,784 [INFO] PluginManager:220 - loadIPPluginJar : add ts
2025-08-23 22:04:58,785 [INFO] IPUIPlugin:80 - create IPUIPlugin
2025-08-23 22:04:58,786 [INFO] PluginManager:220 - loadIPPluginJar : add tsc
2025-08-23 22:04:58,787 [INFO] IPUIPlugin:80 - create IPUIPlugin
2025-08-23 22:04:58,787 [INFO] PluginManager:220 - loadIPPluginJar : add ucpd
2025-08-23 22:04:58,789 [INFO] IPUIPlugin:80 - create IPUIPlugin
2025-08-23 22:04:58,789 [INFO] PluginManager:220 - loadIPPluginJar : add usart
2025-08-23 22:04:58,792 [INFO] IPUIPlugin:80 - create IPUIPlugin
2025-08-23 22:04:58,792 [INFO] PluginManager:220 - loadIPPluginJar : add usbx
2025-08-23 22:04:58,914 [FATAL] Updater:351 - Updater called before beeing initialized
2025-08-23 22:04:58,936 [INFO] RulesReader:64 - Compatibility file has been processed (317 Rules)
2025-08-23 22:04:58,945 [INFO] RulesReader:64 - Compatibility file has been processed (317 Rules)
2025-08-23 22:04:58,953 [INFO] CADModel:165 - CPN selected for project level
2025-08-23 22:04:58,953 [INFO] CADModel:114 - Register for checkConnection events
2025-08-23 22:04:58,953 [FATAL] Updater:351 - Updater called before beeing initialized
2025-08-23 22:04:58,953 [ERROR] CADModel:125 - Updater not yet initialized, retry later 
2025-08-23 22:04:59,079 [FATAL] Updater:351 - Updater called before beeing initialized
2025-08-23 22:04:59,080 [INFO] CADModel:165 - CPN selected for project level
2025-08-23 22:04:59,080 [INFO] CADModel:114 - Register for checkConnection events
2025-08-23 22:04:59,080 [FATAL] Updater:351 - Updater called before beeing initialized
2025-08-23 22:04:59,080 [ERROR] CADModel:125 - Updater not yet initialized, retry later 
2025-08-23 22:04:59,084 [FATAL] Updater:351 - Updater called before beeing initialized
2025-08-23 22:04:59,169 [FATAL] Updater:351 - Updater called before beeing initialized
2025-08-23 22:04:59,173 [INFO] DbMcusAds:53 - JSON generation date=Tue Jul 08 17:14:23 KST 2025 (1751962463582)
2025-08-23 22:04:59,173 [FATAL] Updater:351 - Updater called before beeing initialized
2025-08-23 22:04:59,206 [WARN] DetailPanel:346 - Failed to get advertising image, set to default
2025-08-23 22:04:59,281 [FATAL] Updater:351 - Updater called before beeing initialized
2025-08-23 22:04:59,282 [FATAL] Updater:351 - Updater called before beeing initialized
2025-08-23 22:04:59,282 [FATAL] Updater:351 - Updater called before beeing initialized
2025-08-23 22:04:59,283 [WARN] DetailPanel:346 - Failed to get advertising image, set to default
2025-08-23 22:04:59,283 [FATAL] Updater:351 - Updater called before beeing initialized
2025-08-23 22:04:59,322 [ERROR] Updater:1198 - MainUpdater not yet initialized. External WinMGr cannot be set.
2025-08-23 22:04:59,324 [INFO] Updater:1134 - Updater Version found : 6.15.0
2025-08-23 22:04:59,337 [INFO] ApplicationProperties:184 - Using Application install path: C:\ST\STM32CubeIDE_1.14.0\STM32CubeIDE\plugins\com.st.stm32cube.common.mx_6.15.0.202507011659
2025-08-23 22:04:59,970 [INFO] MainUpdater:2872 - connection check result : 10
2025-08-23 22:04:59,971 [INFO] MainUpdater:289 - Updater Check For Update Now.
2025-08-23 22:04:59,971 [INFO] MicroXplorer:498 - Change Database Version : DB.6.0.150
2025-08-23 22:04:59,978 [INFO] McuFinderGlobals:63 - Set McuFinder mode to 2 (CubeIDE integrated)
2025-08-23 22:04:59,979 [INFO] UserAuth:487 - Internet connection configuration mode: 1
2025-08-23 22:04:59,993 [INFO] JxBrowserEngine:152 - Initiate JxBrowser Engine with user profile folder
2025-08-23 22:05:00,157 [INFO] CheckServerUpdateThread:120 - End of CheckServer Thread
2025-08-23 22:05:00,857 [INFO] WebApp:169 - Instantiating new browser for Auth
2025-08-23 22:05:01,424 [INFO] WebApp:463 - Apply proxy settings
2025-08-23 22:05:01,424 [INFO] WebApp:548 - Chromium requires no authentication
2025-08-23 22:05:01,432 [INFO] WebApp:491 - Direct internet connection detected
2025-08-23 22:05:01,457 [INFO] WebApp:900 - Register for checkConnection events
2025-08-23 22:05:01,458 [INFO] WebApp:463 - Apply proxy settings
2025-08-23 22:05:01,458 [INFO] WebApp:548 - Chromium requires no authentication
2025-08-23 22:05:01,459 [INFO] WebApp:491 - Direct internet connection detected
2025-08-23 22:05:01,586 [WARN] PackLoader:240 - Cannot read IP mode file for STMicroelectronics.FP-SNS-MOTENVWB1.1.4.0
2025-08-23 22:05:01,599 [WARN] PackLoader:240 - Cannot read IP mode file for STMicroelectronics.FP-ATR-ASTRA1.2.0.2
2025-08-23 22:05:01,603 [WARN] PackLoader:240 - Cannot read IP mode file for STMicroelectronics.FP-ATR-ASTRA1.2.0.1
2025-08-23 22:05:01,614 [WARN] PackLoader:240 - Cannot read IP mode file for STMicroelectronics.X-CUBE-SMBUS.2.1.0
2025-08-23 22:05:01,624 [WARN] PackLoader:240 - Cannot read IP mode file for STMicroelectronics.X-CUBE-WB05N.1.1.0
2025-08-23 22:05:01,630 [WARN] PackLoader:240 - Cannot read IP mode file for STMicroelectronics.X-CUBE-ST60.1.0.0
2025-08-23 22:05:01,636 [WARN] PackLoader:240 - Cannot read IP mode file for STMicroelectronics.X-CUBE-TOUCHGFX.4.23.0
2025-08-23 22:05:01,671 [WARN] PackLoader:240 - Cannot read IP mode file for STMicroelectronics.X-CUBE-AZRTOS-F7.1.1.0
2025-08-23 22:05:01,685 [WARN] PackLoader:240 - Cannot read IP mode file for STMicroelectronics.FP-SNS-MOTENV1.4.3.2
2025-08-23 22:05:01,691 [ERROR] RealEvaluatedCondition:428 - Found unsupported composite condition: GROUP='STM32_MetaDataManager' CLASS='Data Exchange'
2025-08-23 22:05:01,692 [ERROR] RealEvaluatedCondition:428 - Found unsupported composite condition: CLASS='Data Exchange' GROUP='STM32_MetaDataManager'
2025-08-23 22:05:01,694 [WARN] PackLoader:240 - Cannot read IP mode file for STMicroelectronics.FP-SNS-MOTENV1.4.3.1
2025-08-23 22:05:01,702 [WARN] PackLoader:240 - Cannot read IP mode file for STMicroelectronics.FP-SNS-FLIGHT1.5.0.1
2025-08-23 22:05:01,709 [WARN] PackLoader:240 - Cannot read IP mode file for STMicroelectronics.X-CUBE-BLE1.6.2.3
2025-08-23 22:05:01,710 [INFO] WebApp:225 - Starting web application
2025-08-23 22:05:01,710 [INFO] WebApp:593 - Web application path used C:\ST\STM32CubeIDE_1.14.0\STM32CubeIDE\plugins\com.st.stm32cube.common.mx_6.15.0.202507011659\db\plugins\mcufinder\reactClient1\index.html
2025-08-23 22:05:01,810 [WARN] PackLoader:240 - Cannot read IP mode file for STMicroelectronics.X-CUBE-MEMS1.11.0.0
2025-08-23 22:05:01,955 [INFO] UserAuth:487 - Internet connection configuration mode: 1
2025-08-23 22:05:01,973 [INFO] WebApp:191 - Connection restablished
2025-08-23 22:05:02,008 [WARN] PackLoader:240 - Cannot read IP mode file for STMicroelectronics.X-CUBE-BLE1.6.2.4
2025-08-23 22:05:02,016 [WARN] PackLoader:240 - Cannot read IP mode file for WES.I-CUBE-Cesium.1.4.0
2025-08-23 22:05:02,019 [WARN] PackLoader:240 - Cannot read IP mode file for STMicroelectronics.FP-SNS-FLIGHT1.5.0.2
2025-08-23 22:05:02,034 [WARN] PackLoader:240 - Cannot read IP mode file for Infineon.AIROC-Wi-Fi-Bluetooth-STM32.1.7.1
2025-08-23 22:05:02,046 [WARN] PackLoader:240 - Cannot read IP mode file for STMicroelectronics.X-CUBE-TOF1.3.1.0
2025-08-23 22:05:02,068 [WARN] PackLoader:240 - Cannot read IP mode file for STMicroelectronics.X-CUBE-AZRTOS-H7.3.4.0
2025-08-23 22:05:02,080 [WARN] PackLoader:240 - Cannot read IP mode file for STMicroelectronics.X-CUBE-DISPLAY.3.0.0
2025-08-23 22:05:02,089 [WARN] PackLoader:240 - Cannot read IP mode file for STMicroelectronics.X-CUBE-BLE1.7.0.0
2025-08-23 22:05:02,094 [WARN] PackLoader:240 - Cannot read IP mode file for STMicroelectronics.X-CUBE-NFC10.1.0.0
2025-08-23 22:05:02,102 [WARN] PackLoader:240 - Cannot read IP mode file for STMicroelectronics.X-CUBE-BLEMGR.4.0.0
2025-08-23 22:05:02,107 [WARN] PackLoader:240 - Cannot read IP mode file for emotas.I-CUBE-CANOPEN.1.3.0
2025-08-23 22:05:02,145 [WARN] PackLoader:240 - Cannot read IP mode file for STMicroelectronics.X-CUBE-MEMS1.9.3.0
2025-08-23 22:05:02,283 [WARN] PackLoader:240 - Cannot read IP mode file for STMicroelectronics.X-CUBE-AI.7.2.0
2025-08-23 22:05:02,291 [WARN] PackLoader:240 - Cannot read IP mode file for STMicroelectronics.X-CUBE-BLEMGR.3.1.0
2025-08-23 22:05:02,296 [WARN] PackLoader:240 - Cannot read IP mode file for STMicroelectronics.X-CUBE-AI.10.0.0
2025-08-23 22:05:02,305 [WARN] PackLoader:240 - Cannot read IP mode file for STMicroelectronics.FP-SNS-STBOX1.2.1.0
2025-08-23 22:05:02,313 [WARN] PackLoader:240 - Cannot read IP mode file for STMicroelectronics.FP-SNS-SMARTAG2.1.2.0
2025-08-23 22:05:02,318 [WARN] PackLoader:240 - Cannot read IP mode file for STMicroelectronics.FP-SNS-FLIGHT1.5.1.0
2025-08-23 22:05:02,326 [INFO] LogOutputStream:77 - [STDOUT_REDIRECT] 1 : Invalid condition id : UX_CORESTACK_Condition cause : null
2025-08-23 22:05:02,327 [INFO] LogOutputStream:77 - [STDOUT_REDIRECT] 1 : Invalid condition id : UX_CORESTACK_Condition cause : null
2025-08-23 22:05:02,328 [INFO] LogOutputStream:77 - [STDOUT_REDIRECT] 1 : Invalid condition id : UX_CORESTACK_Condition cause : null
2025-08-23 22:05:02,329 [INFO] LogOutputStream:77 - [STDOUT_REDIRECT] 1 : Invalid condition id : UX_CORESTACK_Condition cause : null
2025-08-23 22:05:02,330 [INFO] LogOutputStream:77 - [STDOUT_REDIRECT] 1 : Invalid condition id : UX_CORESTACK_Condition cause : null
2025-08-23 22:05:02,333 [WARN] PackLoader:240 - Cannot read IP mode file for STMicroelectronics.X-CUBE-AZRTOS-WL.2.0.0
2025-08-23 22:05:02,339 [WARN] PackLoader:240 - Cannot read IP mode file for STMicroelectronics.FP-SNS-MOTENV1.5.0.0
2025-08-23 22:05:02,344 [WARN] PackLoader:240 - Cannot read IP mode file for wolfSSL.I-CUBE-wolfMQTT.1.19.0
2025-08-23 22:05:02,348 [WARN] PackLoader:240 - Cannot read IP mode file for WES.I-CUBE-Cesium.1.3.0
2025-08-23 22:05:02,353 [WARN] PackLoader:240 - Cannot read IP mode file for STMicroelectronics.X-CUBE-BLE2.3.3.0
2025-08-23 22:05:02,360 [WARN] PackLoader:240 - Cannot read IP mode file for STMicroelectronics.X-CUBE-DISPLAY.2.2.0
2025-08-23 22:05:02,372 [WARN] PackLoader:240 - Cannot read IP mode file for STMicroelectronics.X-CUBE-TOF1.3.2.0
2025-08-23 22:05:02,382 [WARN] PackLoader:240 - Cannot read IP mode file for STMicroelectronics.X-CUBE-ISPU.1.0.0
2025-08-23 22:05:02,406 [WARN] ConditionMgr:438 - getConditionDescription Invalid condition id : Dummy Dependencies cause : null
2025-08-23 22:05:02,583 [WARN] ConditionMgr:1044 - genDependencies : Invalid condition id : Dummy Dependencies cause : null
2025-08-23 22:05:02,589 [WARN] ConditionMgr:1044 - genDependencies : Invalid condition id : Dummy Dependencies cause : null
2025-08-23 22:05:02,590 [WARN] ConditionMgr:1044 - genDependencies : Invalid condition id : Dummy Dependencies cause : null
2025-08-23 22:05:02,602 [WARN] ConditionMgr:438 - getConditionDescription Invalid condition id : Dummy Dependencies cause : null
2025-08-23 22:05:02,723 [WARN] PackLoader:240 - Cannot read IP mode file for STMicroelectronics.X-CUBE-NFC9.1.0.0
2025-08-23 22:05:02,741 [WARN] PackLoader:240 - Cannot read IP mode file for STMicroelectronics.X-CUBE-AZRTOS-H7.2.1.0
2025-08-23 22:05:02,747 [WARN] PackLoader:240 - Cannot read IP mode file for wolfSSL.I-CUBE-wolfSSL.5.8.2
2025-08-23 22:05:02,751 [WARN] PackLoader:240 - Cannot read IP mode file for STMicroelectronics.X-CUBE-BLE1.7.1.0
2025-08-23 22:05:02,754 [WARN] PackLoader:240 - Cannot read IP mode file for wolfSSL.I-CUBE-wolfMQTT.1.19.2
2025-08-23 22:05:02,760 [WARN] PackLoader:240 - Cannot read IP mode file for STMicroelectronics.X-CUBE-TCPP.4.1.0
2025-08-23 22:05:02,767 [WARN] PackLoader:240 - Cannot read IP mode file for STMicroelectronics.X-CUBE-EEPRMA1.5.2.0
2025-08-23 22:05:02,770 [WARN] PackLoader:240 - Cannot read IP mode file for STMicroelectronics.X-CUBE-TOUCHGFX.4.21.1
2025-08-23 22:05:02,773 [WARN] PackLoader:240 - Cannot read IP mode file for STMicroelectronics.X-CUBE-TOUCHGFX.4.21.0
2025-08-23 22:05:02,775 [WARN] PackLoader:240 - Cannot read IP mode file for STMicroelectronics.X-CUBE-TOUCHGFX.4.21.4
2025-08-23 22:05:02,805 [WARN] PackLoader:240 - Cannot read IP mode file for STMicroelectronics.X-CUBE-MEMS1.9.4.0
2025-08-23 22:05:02,880 [WARN] PackLoader:240 - Cannot read IP mode file for STMicroelectronics.X-CUBE-AI.7.3.0
2025-08-23 22:05:02,883 [WARN] PackLoader:240 - Cannot read IP mode file for STMicroelectronics.X-CUBE-AI.10.1.0
2025-08-23 22:05:02,889 [WARN] PackLoader:240 - Cannot read IP mode file for STMicroelectronics.X-CUBE-ALGOBUILD.1.3.0
2025-08-23 22:05:02,937 [WARN] PackLoader:240 - Cannot read IP mode file for STMicroelectronics.X-CUBE-MEMS1.11.2.0
2025-08-23 22:05:03,057 [WARN] PackLoader:240 - Cannot read IP mode file for STMicroelectronics.X-CUBE-AZRTOS-G0.1.1.0
2025-08-23 22:05:03,065 [WARN] PackLoader:240 - Cannot read IP mode file for STMicroelectronics.X-CUBE-SAFEA1.1.2.2
2025-08-23 22:05:03,070 [WARN] PackLoader:240 - Cannot read IP mode file for STMicroelectronics.X-CUBE-NFC4.3.0.0
2025-08-23 22:05:03,093 [WARN] PackLoader:240 - Cannot read IP mode file for SEGGER.I-CUBE-embOS.1.2.0
2025-08-23 22:05:03,119 [WARN] PackLoader:240 - Cannot read IP mode file for EmbeddedOffice.I-CUBE-FS-RTOS.1.0.1
2025-08-23 22:05:03,123 [WARN] PackLoader:240 - Cannot read IP mode file for STMicroelectronics.X-CUBE-WB05N.2.0.0
2025-08-23 22:05:03,139 [WARN] PackLoader:240 - Cannot read IP mode file for STMicroelectronics.X-CUBE-BLEMGR.3.0.0
2025-08-23 22:05:03,144 [WARN] PackLoader:240 - Cannot read IP mode file for wolfSSL.I-CUBE-wolfTPM.3.8.0
2025-08-23 22:05:03,148 [WARN] PackLoader:240 - Cannot read IP mode file for STMicroelectronics.X-CUBE-BLEMGR.1.3.0
2025-08-23 22:05:03,152 [WARN] PackLoader:240 - Cannot read IP mode file for STMicroelectronics.X-CUBE-TCPP.4.2.0
2025-08-23 22:05:03,157 [WARN] PackLoader:240 - Cannot read IP mode file for RealThread.X-CUBE-RT-Thread_Nano.4.1.1
2025-08-23 22:05:03,160 [WARN] PackLoader:240 - Cannot read IP mode file for STMicroelectronics.FP-ATR-SIGFOX1.3.2.0
2025-08-23 22:05:03,164 [WARN] ConditionMgr:438 - getConditionDescription Invalid condition id : Cortex-A Device cause : null
2025-08-23 22:05:03,170 [WARN] ConditionMgr:1044 - genDependencies : Invalid condition id : Cortex-A Device cause : null
2025-08-23 22:05:03,170 [WARN] ConditionMgr:1044 - genDependencies : Invalid condition id : Cortex-A Device cause : null
2025-08-23 22:05:03,170 [WARN] ConditionMgr:1044 - genDependencies : Invalid condition id : Cortex-A Device cause : null
2025-08-23 22:05:03,175 [WARN] PackLoader:240 - Cannot read IP mode file for STMicroelectronics.X-CUBE-EEPRMA1.5.1.0
2025-08-23 22:05:03,180 [WARN] PackLoader:240 - Cannot read IP mode file for emotas.I-CUBE-CANOPEN.1.1.2
2025-08-23 22:05:03,182 [WARN] PackLoader:240 - Cannot read IP mode file for STMicroelectronics.X-CUBE-TOUCHGFX.4.20.0
2025-08-23 22:05:03,186 [WARN] PackLoader:240 - Cannot read IP mode file for ITTIA_DB.I-CUBE-ITTIADB.8.9.0
2025-08-23 22:05:03,191 [WARN] PackLoader:240 - Cannot read IP mode file for STMicroelectronics.X-CUBE-ST67W61.1.0.0
2025-08-23 22:05:03,194 [WARN] PackLoader:240 - Cannot read IP mode file for STMicroelectronics.X-CUBE-AI.10.2.0
2025-08-23 22:05:03,210 [WARN] PackLoader:240 - Cannot read IP mode file for SEGGER.I-CUBE-embOS.1.3.1
2025-08-23 22:05:03,236 [WARN] PackLoader:240 - Cannot read IP mode file for STMicroelectronics.X-CUBE-ALGOBUILD.1.4.0
2025-08-23 22:05:03,270 [WARN] PackLoader:240 - Cannot read IP mode file for STMicroelectronics.X-CUBE-MEMS1.11.3.0
2025-08-23 22:05:03,361 [WARN] PackLoader:240 - Cannot read IP mode file for STMicroelectronics.X-CUBE-AI.9.1.0
2025-08-23 22:05:03,364 [WARN] PackLoader:240 - Cannot read IP mode file for STMicroelectronics.X-CUBE-PM33A1.1.0.0
2025-08-23 22:05:03,368 [WARN] PackLoader:240 - Cannot read IP mode file for STMicroelectronics.X-CUBE-GNSS1.6.0.0
2025-08-23 22:05:03,381 [WARN] PackLoader:240 - Cannot read IP mode file for STMicroelectronics.X-CUBE-AZRTOS-F4.1.1.0
2025-08-23 22:05:03,386 [WARN] PackLoader:240 - Cannot read IP mode file for Avnet-IotConnect.X-CUBE-IoTC-DA16k-PMOD.1.0.0
2025-08-23 22:05:03,389 [WARN] PackLoader:240 - Cannot read IP mode file for STMicroelectronics.X-CUBE-ISPU.2.1.0
2025-08-23 22:05:03,393 [WARN] PackLoader:240 - Cannot read IP mode file for STMicroelectronics.X-CUBE-FREERTOS.1.2.0
2025-08-23 22:05:03,396 [WARN] PackLoader:240 - Cannot read IP mode file for wolfSSL.I-CUBE-wolfSSL.5.6.6
2025-08-23 22:05:03,400 [WARN] PackLoader:240 - Cannot read IP mode file for STMicroelectronics.X-CUBE-NFC12.1.0.0
2025-08-23 22:05:03,416 [WARN] PackLoader:240 - Cannot read IP mode file for STMicroelectronics.X-CUBE-AZRTOS-L5.2.0.0
2025-08-23 22:05:03,446 [WARN] PackLoader:240 - Cannot read IP mode file for STMicroelectronics.X-CUBE-MEMS1.9.6.0
2025-08-23 22:05:03,544 [WARN] PackLoader:240 - Cannot read IP mode file for STMicroelectronics.X-CUBE-EEPRMA1.4.2.0
2025-08-23 22:05:03,552 [WARN] PackLoader:240 - Cannot read IP mode file for STMicroelectronics.X-CUBE-NFC6.3.1.0
2025-08-23 22:05:03,565 [WARN] PackLoader:240 - Cannot read IP mode file for ITTIA_DB.I-CUBE-ITTIADB.8.8.0
2025-08-23 22:05:03,573 [WARN] PackLoader:240 - Cannot read IP mode file for STMicroelectronics.X-CUBE-BLEMGR.2.0.0
2025-08-23 22:05:03,580 [WARN] PackLoader:240 - Cannot read IP mode file for STMicroelectronics.X-CUBE-DPower.1.2.0
2025-08-23 22:05:03,586 [WARN] PackLoader:240 - Cannot read IP mode file for STMicroelectronics.X-CUBE-NFC4.2.0.5
2025-08-23 22:05:03,590 [WARN] PackLoader:240 - Cannot read IP mode file for STMicroelectronics.X-CUBE-NFC4.2.0.4
2025-08-23 22:05:03,594 [WARN] PackLoader:240 - Cannot read IP mode file for STMicroelectronics.X-CUBE-AI.9.0.0
2025-08-23 22:05:03,611 [WARN] ConditionMgr:438 - getConditionDescription Invalid condition id : UX DEVICE CLASS RTOS Condition cause : null
2025-08-23 22:05:03,612 [WARN] ConditionMgr:438 - getConditionDescription Invalid condition id : UX DEVICE CLASS RTOS Condition cause : null
2025-08-23 22:05:03,616 [WARN] PackLoader:240 - Cannot read IP mode file for STMicroelectronics.X-CUBE-AZRTOS-H7.3.1.0
2025-08-23 22:05:03,617 [WARN] ConditionMgr:1044 - genDependencies : Invalid condition id : UX DEVICE CLASS RTOS Condition cause : null
2025-08-23 22:05:03,617 [WARN] ConditionMgr:1044 - genDependencies : Invalid condition id : UX DEVICE CLASS RTOS Condition cause : null
2025-08-23 22:05:03,617 [WARN] ConditionMgr:1044 - genDependencies : Invalid condition id : UX DEVICE CLASS RTOS Condition cause : null
2025-08-23 22:05:03,618 [WARN] ConditionMgr:1044 - genDependencies : Invalid condition id : UX DEVICE CLASS RTOS Condition cause : null
2025-08-23 22:05:03,618 [WARN] ConditionMgr:1044 - genDependencies : Invalid condition id : UX DEVICE CLASS RTOS Condition cause : null
2025-08-23 22:05:03,624 [WARN] PackLoader:240 - Cannot read IP mode file for STMicroelectronics.X-CUBE-FREERTOS.1.3.1
2025-08-23 22:05:03,628 [WARN] PackLoader:240 - Cannot read IP mode file for STMicroelectronics.X-CUBE-FREERTOS.1.3.0
2025-08-23 22:05:03,632 [WARN] PackLoader:240 - Cannot read IP mode file for STMicroelectronics.X-CUBE-NFC7.1.0.1
2025-08-23 22:05:03,635 [WARN] PackLoader:240 - Cannot read IP mode file for STMicroelectronics.X-CUBE-NFC7.1.0.0
2025-08-23 22:05:03,640 [WARN] PackLoader:240 - Cannot read IP mode file for STMicroelectronics.X-CUBE-NFC6.3.0.0
2025-08-23 22:05:03,646 [WARN] PackLoader:240 - Cannot read IP mode file for STMicroelectronics.X-CUBE-EEPRMA1.4.1.0
2025-08-23 22:05:03,651 [WARN] PackLoader:240 - Cannot read IP mode file for STMicroelectronics.FP-SNS-STAIOTCFT.1.0.0
2025-08-23 22:05:03,654 [WARN] PackLoader:240 - Cannot read IP mode file for STMicroelectronics.X-CUBE-DPower.1.3.0
2025-08-23 22:05:03,657 [WARN] PackLoader:240 - Cannot read IP mode file for STMicroelectronics.X-CUBE-AI.8.1.0
2025-08-23 22:05:03,670 [WARN] ConditionMgr:438 - getConditionDescription Invalid condition id : LAN8742 Phy interface Condition cause : null
2025-08-23 22:05:03,671 [WARN] PackLoader:240 - Cannot read IP mode file for STMicroelectronics.X-CUBE-AZRTOS-L4.2.0.0
2025-08-23 22:05:03,672 [WARN] ConditionMgr:1044 - genDependencies : Invalid condition id : LAN8742 Phy interface Condition cause : null
2025-08-23 22:05:03,672 [WARN] ConditionMgr:1044 - genDependencies : Invalid condition id : LAN8742 Phy interface Condition cause : null
2025-08-23 22:05:03,672 [WARN] ConditionMgr:1044 - genDependencies : Invalid condition id : LAN8742 Phy interface Condition cause : null
2025-08-23 22:05:03,680 [WARN] PackLoader:240 - Cannot read IP mode file for STMicroelectronics.X-CUBE-SFXS2LP1.4.0.0
2025-08-23 22:05:03,704 [WARN] PackLoader:240 - Cannot read IP mode file for STMicroelectronics.X-CUBE-AZRTOS-H7.3.0.0
2025-08-23 22:05:03,714 [WARN] PackLoader:240 - Cannot read IP mode file for STMicroelectronics.X-CUBE-ISPU.1.1.0
2025-08-23 22:05:03,731 [WARN] PackLoader:240 - Cannot read IP mode file for STMicroelectronics.X-CUBE-AZRTOS-H7.3.3.0
2025-08-23 22:05:03,739 [WARN] PackLoader:240 - Cannot read IP mode file for RoweBots.I-CUBE-UNISONRTOS.5.5.0-4
2025-08-23 22:05:03,742 [WARN] PackLoader:240 - Cannot read IP mode file for wolfSSL.I-CUBE-wolfSSL.5.4.0
2025-08-23 22:05:03,748 [WARN] PackLoader:240 - Cannot read IP mode file for STMicroelectronics.X-CUBE-BLEMGR.4.1.0
2025-08-23 22:05:03,757 [WARN] PackLoader:240 - Cannot read IP mode file for STMicroelectronics.X-CUBE-IPS.3.0.0
2025-08-23 22:05:03,768 [WARN] ConditionMgr:438 - getConditionDescription Invalid condition id : UX DEVICE CLASS RTOS Condition cause : null
2025-08-23 22:05:03,768 [WARN] ConditionMgr:438 - getConditionDescription Invalid condition id : UX DEVICE CLASS RTOS Condition cause : null
2025-08-23 22:05:03,769 [WARN] PackLoader:240 - Cannot read IP mode file for STMicroelectronics.X-CUBE-AZRTOS-WB.2.0.0
2025-08-23 22:05:03,770 [WARN] ConditionMgr:1044 - genDependencies : Invalid condition id : UX DEVICE CLASS RTOS Condition cause : null
2025-08-23 22:05:03,770 [WARN] ConditionMgr:1044 - genDependencies : Invalid condition id : UX DEVICE CLASS RTOS Condition cause : null
2025-08-23 22:05:03,770 [WARN] ConditionMgr:1044 - genDependencies : Invalid condition id : UX DEVICE CLASS RTOS Condition cause : null
2025-08-23 22:05:03,770 [WARN] ConditionMgr:1044 - genDependencies : Invalid condition id : UX DEVICE CLASS RTOS Condition cause : null
2025-08-23 22:05:03,770 [WARN] ConditionMgr:1044 - genDependencies : Invalid condition id : UX DEVICE CLASS RTOS Condition cause : null
2025-08-23 22:05:03,774 [WARN] PackLoader:240 - Cannot read IP mode file for STMicroelectronics.X-CUBE-FREERTOS.1.0.1
2025-08-23 22:05:03,777 [WARN] PackLoader:240 - Cannot read IP mode file for STMicroelectronics.X-CUBE-GNSS1.7.0.0
2025-08-23 22:05:03,781 [WARN] PackLoader:240 - Cannot read IP mode file for STMicroelectronics.X-CUBE-GNSS1.7.0.1
2025-08-23 22:05:03,785 [WARN] PackLoader:240 - Cannot read IP mode file for STMicroelectronics.X-CUBE-BLEMGR.1.0.0
2025-08-23 22:05:03,788 [WARN] PackLoader:240 - Cannot read IP mode file for STMicroelectronics.X-CUBE-TOUCHGFX.4.25.0
2025-08-23 22:05:03,792 [WARN] PackLoader:240 - Cannot read IP mode file for STMicroelectronics.FP-SNS-STBOX1.2.0.0
2025-08-23 22:05:03,795 [WARN] ConditionMgr:438 - getConditionDescription Invalid condition id : Cortex-A Device cause : null
2025-08-23 22:05:03,803 [WARN] ConditionMgr:1044 - genDependencies : Invalid condition id : Cortex-A Device cause : null
2025-08-23 22:05:03,803 [WARN] ConditionMgr:1044 - genDependencies : Invalid condition id : Cortex-A Device cause : null
2025-08-23 22:05:03,803 [WARN] ConditionMgr:1044 - genDependencies : Invalid condition id : Cortex-A Device cause : null
2025-08-23 22:05:03,811 [WARN] PackLoader:240 - Cannot read IP mode file for STMicroelectronics.X-CUBE-AZRTOS-L5.1.1.0
2025-08-23 22:05:03,815 [WARN] PackLoader:240 - Cannot read IP mode file for STMicroelectronics.X-CUBE-AI.8.0.1
2025-08-23 22:05:03,822 [WARN] PackLoader:240 - Cannot read IP mode file for STMicroelectronics.X-CUBE-SUBG2.5.0.0
2025-08-23 22:05:03,836 [WARN] PackLoader:240 - Cannot read IP mode file for STMicroelectronics.X-CUBE-AZRTOS-H7RS.1.1.0
2025-08-23 22:05:03,841 [WARN] PackLoader:240 - Cannot read IP mode file for Cesanta.I-CUBE-Mongoose.7.13.0
2025-08-23 22:05:03,851 [WARN] PackLoader:240 - Cannot read IP mode file for STMicroelectronics.X-CUBE-AZRTOS-G4.2.0.0
2025-08-23 22:05:03,864 [WARN] PackLoader:240 - Cannot read IP mode file for STMicroelectronics.X-CUBE-TOF1.3.3.0
2025-08-23 22:05:03,871 [WARN] PackLoader:240 - Cannot read IP mode file for STMicroelectronics.FP-ATR-ASTRA1.1.1.1
2025-08-23 22:05:03,878 [WARN] PackLoader:240 - Cannot read IP mode file for Infineon.AIROC-Wi-Fi-Bluetooth-STM32.1.5.1
2025-08-23 22:05:03,882 [WARN] PackLoader:240 - Cannot read IP mode file for STMicroelectronics.FP-ATR-ASTRA1.1.1.0
2025-08-23 22:05:03,885 [WARN] PackLoader:240 - Cannot read IP mode file for wolfSSL.I-CUBE-wolfSSH.1.4.20
2025-08-23 22:05:03,888 [WARN] PackLoader:240 - Cannot read IP mode file for STMicroelectronics.X-CUBE-NFC7.2.0.0
2025-08-23 22:05:03,892 [WARN] PackLoader:240 - Cannot read IP mode file for STMicroelectronics.FP-SNS-MOTENVWB1.1.3.1
2025-08-23 22:05:03,902 [WARN] PackLoader:240 - Cannot read IP mode file for STMicroelectronics.X-CUBE-AZRTOS-G4.1.0.0
2025-08-23 22:05:03,913 [WARN] PackLoader:240 - Cannot read IP mode file for STMicroelectronics.X-CUBE-AZRTOS-L4.1.0.0
2025-08-23 22:05:03,919 [WARN] PackLoader:240 - Cannot read IP mode file for STMicroelectronics.X-CUBE-ISPU.2.0.0
2025-08-23 22:05:03,928 [WARN] PackLoader:240 - Cannot read IP mode file for STMicroelectronics.X-CUBE-IPS.3.1.0
2025-08-23 22:05:03,937 [WARN] PackLoader:240 - Cannot read IP mode file for STMicroelectronics.X-CUBE-ALS.1.0.2
2025-08-23 22:05:03,963 [WARN] PackLoader:240 - Cannot read IP mode file for STMicroelectronics.X-CUBE-MEMS1.10.0.0
2025-08-23 22:05:04,017 [WARN] PackLoader:240 - Cannot read IP mode file for STMicroelectronics.X-CUBE-FREERTOS.1.1.0
2025-08-23 22:05:04,019 [WARN] PackLoader:240 - Cannot read IP mode file for STMicroelectronics.X-CUBE-TOUCHGFX.4.24.0
2025-08-23 22:05:04,024 [WARN] PackLoader:240 - Cannot read IP mode file for STMicroelectronics.X-CUBE-AZRTOS-WL.1.0.0
2025-08-23 22:05:04,027 [WARN] PackLoader:240 - Cannot read IP mode file for STMicroelectronics.X-CUBE-TOUCHGFX.4.24.1
2025-08-23 22:05:04,029 [WARN] PackLoader:240 - Cannot read IP mode file for wolfSSL.I-CUBE-wolfTPM.3.4.0
2025-08-23 22:05:04,033 [WARN] PackLoader:240 - Cannot read IP mode file for portGmbH.I-Cube-SoM-uGOAL.1.1.0
2025-08-23 22:05:04,035 [WARN] PackLoader:240 - Cannot read IP mode file for STMicroelectronics.X-CUBE-ALS.1.0.1
2025-08-23 22:05:04,041 [WARN] PackLoader:240 - Cannot read IP mode file for STMicroelectronics.X-CUBE-AZRTOS-WB.1.1.0
2025-08-23 22:05:04,055 [WARN] PackLoader:240 - Cannot read IP mode file for STMicroelectronics.X-CUBE-AZRTOS-L5.1.0.0
2025-08-23 22:05:04,060 [WARN] PackLoader:240 - Cannot read IP mode file for STMicroelectronics.X-CUBE-EEPRMA1.3.1.1
2025-08-23 22:05:04,072 [WARN] PackLoader:240 - Cannot read IP mode file for STMicroelectronics.X-CUBE-AZRTOS-H7RS.1.0.0
2025-08-23 22:05:04,075 [WARN] PackLoader:240 - Cannot read IP mode file for STMicroelectronics.FP-ATR-ASTRA1.2.0.0
2025-08-23 22:05:04,081 [WARN] PackLoader:240 - Cannot read IP mode file for STMicroelectronics.X-CUBE-TOF1.3.4.2
2025-08-23 22:05:04,091 [WARN] PackLoader:240 - Cannot read IP mode file for STMicroelectronics.X-CUBE-TOF1.3.4.3
2025-08-23 22:05:04,101 [WARN] PackLoader:240 - Cannot read IP mode file for STMicroelectronics.X-CUBE-TOF1.3.4.0
2025-08-23 22:05:04,112 [WARN] PackLoader:240 - Cannot read IP mode file for STMicroelectronics.X-CUBE-TOF1.3.4.1
2025-08-23 22:05:04,133 [WARN] PackLoader:240 - Cannot read IP mode file for STMicroelectronics.X-CUBE-AZRTOS-H7.3.2.0
2025-08-23 22:05:04,139 [WARN] PackLoader:240 - Cannot read IP mode file for wolfSSL.I-CUBE-wolfSSH.1.4.17
2025-08-23 22:05:04,140 [INFO] ThirdParty:978 - Integrity check success = true
2025-08-23 22:05:04,140 [INFO] IntegrityCheckThread:100 - exiting critical section [integrity check]
2025-08-23 22:05:04,140 [INFO] IntegrityCheckThread:103 - End integrity checks thread
