2025-08-30 09:49:58,732 [INFO] Activator:176 - 


2025-08-30 09:49:58,736 [INFO] Activator:177 - !SESSION log4j initialized
2025-08-30 09:50:01,500 [INFO] LogOutputStream:77 - [STDOUT_REDIRECT] 
2025-08-30 09:50:09,716 [INFO] ApplicationProperties:184 - Using Application install path: C:\ST\STM32CubeIDE_1.14.0\STM32CubeIDE\plugins\com.st.stm32cube.common.mx_6.15.0.202507011659
2025-08-30 09:50:09,738 [INFO] DbMcusXml:78 - Set database path to: C:\ST\STM32CubeIDE_1.14.0\STM32CubeIDE\plugins\com.st.stm32cube.common.mx_6.15.0.202507011659\\db\/mcu/
2025-08-30 09:50:09,738 [INFO] ApiDb:274 - Set plugin database path to: C:\ST\STM32CubeIDE_1.14.0\STM32CubeIDE\plugins\com.st.stm32cube.common.mx_6.15.0.202507011659\\db\/plugins/boardmanager/
2025-08-30 09:50:09,789 [WARN] ApiDb:259 - Overriding images path with different value:  => C:\ST\STM32CubeIDE_1.14.0\STM32CubeIDE\plugins\com.st.stm32cube.common.mx_6.15.0.202507011659\\db\/plugins/mcufinder/images/
2025-08-30 09:50:09,799 [INFO] ApiDb:250 - Set database path to: C:\Users\jihoo\.stmcufinder\plugins\mcufinder//mcu/
2025-08-30 09:50:09,800 [INFO] DbMcusAds:125 - Set database path to: C:\Users\jihoo\.stmcufinder\plugins\mcufinder//mcu/
2025-08-30 09:50:09,804 [INFO] CrossReferenceDbSqlite:203 - Set database path to: C:\Users\jihoo\.stmcufinder\plugins\mcufinder//mcu/cs/
2025-08-30 09:50:09,949 [INFO] RulesReader:64 - Compatibility file has been processed (317 Rules)
2025-08-30 09:50:10,017 [INFO] DbMcusXml:78 - Set database path to: C:\ST\STM32CubeIDE_1.14.0\STM32CubeIDE\plugins\com.st.stm32cube.common.mx_6.15.0.202507011659\\db\/mcu/
2025-08-30 09:50:10,017 [INFO] ApiDb:274 - Set plugin database path to: C:\ST\STM32CubeIDE_1.14.0\STM32CubeIDE\plugins\com.st.stm32cube.common.mx_6.15.0.202507011659\\db\/plugins/boardmanager/
2025-08-30 09:50:10,018 [INFO] ApiDb:261 - Set plugin images path to: C:\ST\STM32CubeIDE_1.14.0\STM32CubeIDE\plugins\com.st.stm32cube.common.mx_6.15.0.202507011659\\db\/plugins/mcufinder/images/
2025-08-30 09:50:10,018 [WARN] DbFile:41 - Overriding database path with different value: C:\Users\jihoo\.stmcufinder\plugins\mcufinder/ => C:\Users\jihoo\.stmcufinder\plugins\mcufinder
2025-08-30 09:50:10,018 [INFO] ApiDb:250 - Set database path to: C:\Users\jihoo\.stmcufinder\plugins\mcufinder//mcu/
2025-08-30 09:50:10,018 [WARN] DbFile:41 - Overriding database path with different value: C:\Users\jihoo\.stmcufinder\plugins\mcufinder/ => C:\Users\jihoo\.stmcufinder\plugins\mcufinder
2025-08-30 09:50:10,018 [INFO] DbMcusAds:125 - Set database path to: C:\Users\jihoo\.stmcufinder\plugins\mcufinder//mcu/
2025-08-30 09:50:10,018 [WARN] DbFile:41 - Overriding database path with different value: C:\Users\jihoo\.stmcufinder\plugins\mcufinder/ => C:\Users\jihoo\.stmcufinder\plugins\mcufinder
2025-08-30 09:50:10,018 [WARN] DbFile:41 - Overriding database path with different value: C:\Users\jihoo\.stmcufinder\plugins\mcufinder/ => C:\Users\jihoo\.stmcufinder\plugins\mcufinder
2025-08-30 09:50:10,018 [INFO] CrossReferenceDbSqlite:203 - Set database path to: C:\Users\jihoo\.stmcufinder\plugins\mcufinder//mcu/cs/
2025-08-30 09:50:10,115 [INFO] MainPanel:274 - HeapMemory: 419430400
2025-08-30 09:50:10,249 [INFO] DbMcusXml:78 - Set database path to: C:\ST\STM32CubeIDE_1.14.0\STM32CubeIDE\plugins\com.st.stm32cube.common.mx_6.15.0.202507011659\\db\/mcu/
2025-08-30 09:50:10,249 [INFO] ApiDb:274 - Set plugin database path to: C:\ST\STM32CubeIDE_1.14.0\STM32CubeIDE\plugins\com.st.stm32cube.common.mx_6.15.0.202507011659\\db\/plugins/boardmanager/
2025-08-30 09:50:10,249 [INFO] ApiDb:261 - Set plugin images path to: C:\ST\STM32CubeIDE_1.14.0\STM32CubeIDE\plugins\com.st.stm32cube.common.mx_6.15.0.202507011659\\db\/plugins/mcufinder/images/
2025-08-30 09:50:10,250 [WARN] DbFile:41 - Overriding database path with different value: C:\Users\jihoo\.stmcufinder\plugins\mcufinder/ => C:\Users\jihoo\.stmcufinder\plugins\mcufinder
2025-08-30 09:50:10,250 [INFO] ApiDb:250 - Set database path to: C:\Users\jihoo\.stmcufinder\plugins\mcufinder//mcu/
2025-08-30 09:50:10,250 [WARN] DbFile:41 - Overriding database path with different value: C:\Users\jihoo\.stmcufinder\plugins\mcufinder/ => C:\Users\jihoo\.stmcufinder\plugins\mcufinder
2025-08-30 09:50:10,250 [INFO] DbMcusAds:125 - Set database path to: C:\Users\jihoo\.stmcufinder\plugins\mcufinder//mcu/
2025-08-30 09:50:10,250 [WARN] DbFile:41 - Overriding database path with different value: C:\Users\jihoo\.stmcufinder\plugins\mcufinder/ => C:\Users\jihoo\.stmcufinder\plugins\mcufinder
2025-08-30 09:50:10,250 [WARN] DbFile:41 - Overriding database path with different value: C:\Users\jihoo\.stmcufinder\plugins\mcufinder/ => C:\Users\jihoo\.stmcufinder\plugins\mcufinder
2025-08-30 09:50:10,251 [INFO] CrossReferenceDbSqlite:203 - Set database path to: C:\Users\jihoo\.stmcufinder\plugins\mcufinder//mcu/cs/
2025-08-30 09:50:10,272 [INFO] ApplicationProperties:184 - Using Application install path: C:\ST\STM32CubeIDE_1.14.0\STM32CubeIDE\plugins\com.st.stm32cube.common.mx_6.15.0.202507011659
2025-08-30 09:50:10,274 [INFO] PluginManage:196 - Search for loadable plugins [exclusion list=, ]
2025-08-30 09:50:10,276 [INFO] PluginManage:310 - Check plugin analytics
2025-08-30 09:50:10,490 [INFO] AnalyticsPlugin:253 - Accepted Software Licenses: STM32CubeMX.6.6.1,STM32CubeMX.6.7.0,STM32CubeMX.6.10.0,STM32CubeMX.6.12.0,STM32CubeMX.6.13.0,STM32CubeMX.6.14.1,STM32CubeMX.6.15.0
2025-08-30 09:50:10,490 [INFO] AnalyticsPlugin:255 - Accepted CMSIS Pack Licenses: Oryx-Embedded.Middleware.2.5.2
2025-08-30 09:50:10,490 [INFO] AnalyticsPlugin:257 - Accepted Firmware Licenses: FW.H7.1.12.0,FW.F4.1.28.0
2025-08-30 09:50:10,493 [INFO] PluginManage:359 - Loaded plugin analytics (category:tool,tabindex:-1)
2025-08-30 09:50:10,497 [INFO] PluginManage:310 - Check plugin cadmodel
2025-08-30 09:50:10,504 [INFO] CADModel:105 - Init CAD model plugin
2025-08-30 09:50:10,504 [INFO] PluginManage:359 - Loaded plugin cadmodel (category:power,tabindex:5)
2025-08-30 09:50:10,504 [INFO] PluginManage:310 - Check plugin clock
2025-08-30 09:50:10,516 [INFO] PluginManage:359 - Loaded plugin clock (category:base,tabindex:2)
2025-08-30 09:50:10,516 [INFO] PluginManage:310 - Check plugin ddr
2025-08-30 09:50:10,518 [INFO] PluginManage:359 - Loaded plugin ddr (category:tool,tabindex:6)
2025-08-30 09:50:10,519 [INFO] PluginManage:310 - Check plugin filemanager
2025-08-30 09:50:10,740 [INFO] PluginManage:359 - Loaded plugin filemanager (category:base,tabindex:10)
2025-08-30 09:50:10,740 [INFO] PluginManage:310 - Check plugin ipmanager
2025-08-30 09:50:10,748 [INFO] PluginManage:359 - Loaded plugin ipmanager (category:base,tabindex:5)
2025-08-30 09:50:10,748 [INFO] PluginManage:310 - Check plugin lpbam
2025-08-30 09:50:10,759 [INFO] PluginManage:359 - Loaded plugin lpbam (category:base,tabindex:0)
2025-08-30 09:50:10,759 [INFO] PluginManage:310 - Check plugin memorymap
2025-08-30 09:50:10,777 [INFO] PluginManage:359 - Loaded plugin memorymap (category:base,tabindex:4)
2025-08-30 09:50:10,777 [INFO] PluginManage:310 - Check plugin pinoutandconfiguration
2025-08-30 09:50:10,794 [INFO] PluginManage:359 - Loaded plugin pinoutandconfiguration (category:base,tabindex:1)
2025-08-30 09:50:10,794 [INFO] PluginManage:310 - Check plugin pinoutconfig
2025-08-30 09:50:10,935 [WARN] SupportedApi:132 - Cannot load RTOS API schema: s4s-elt-must-match.1: The content of 'definitions' must match (annotation?, (simpleType | complexType)?, (unique | key | keyref)*)). A problem was found starting at: attribute.
2025-08-30 09:50:11,111 [INFO] PluginManage:359 - Loaded plugin pinoutconfig (category:base,tabindex:0)
2025-08-30 09:50:11,111 [INFO] PluginManage:310 - Check plugin power
2025-08-30 09:50:11,124 [INFO] PluginManage:359 - Loaded plugin power (category:power,tabindex:4)
2025-08-30 09:50:11,124 [INFO] PluginManage:310 - Check plugin projectmanager
2025-08-30 09:50:11,140 [INFO] PluginManage:359 - Loaded plugin projectmanager (category:projectmanager,tabindex:4)
2025-08-30 09:50:11,140 [INFO] PluginManage:310 - Check plugin rif
2025-08-30 09:50:11,151 [INFO] PluginManage:359 - Loaded plugin rif (category:base,tabindex:3)
2025-08-30 09:50:11,152 [INFO] PluginManage:310 - Check plugin thirdparty
2025-08-30 09:50:11,334 [INFO] PluginManage:359 - Loaded plugin thirdparty (category:base,tabindex:-1)
2025-08-30 09:50:11,335 [INFO] PluginManage:310 - Check plugin tools
2025-08-30 09:50:11,334 [WARN] IntegrityCheckThread:84 - waiting for thirdparty lock release [integrity check]
2025-08-30 09:50:11,335 [INFO] IntegrityCheckThread:86 - entering critical section [integrity check]
2025-08-30 09:50:11,335 [INFO] ThirdPartyUpdaterWithRetryManager:70 - Updater plugin not ready yet. [1/15]
2025-08-30 09:50:11,337 [INFO] PluginManage:359 - Loaded plugin tools (category:base,tabindex:7)
2025-08-30 09:50:11,337 [INFO] PluginManage:310 - Check plugin tutovideos
2025-08-30 09:50:11,603 [INFO] PluginManage:359 - Loaded plugin tutovideos (category:base,tabindex:-1)
2025-08-30 09:50:11,604 [INFO] PluginManage:310 - Check plugin updater
2025-08-30 09:50:11,642 [INFO] PluginManage:359 - Loaded plugin updater (category:base,tabindex:12)
2025-08-30 09:50:11,642 [INFO] PluginManage:310 - Check plugin userauth
2025-08-30 09:50:11,648 [INFO] UserAuth:118 - Init User Auth plugin
2025-08-30 09:50:11,649 [INFO] PluginManage:359 - Loaded plugin userauth (category:base,tabindex:14)
2025-08-30 09:50:11,650 [INFO] PluginManage:283 - PluginManage : Loaded plugins [18]
2025-08-30 09:50:11,898 [INFO] PinOutPanel:1589 - setPackage(No Configuration,No Configuration)
2025-08-30 09:50:11,999 [INFO] CADModel:165 - CPN selected for project level
2025-08-30 09:50:12,000 [INFO] CADModel:114 - Register for checkConnection events
2025-08-30 09:50:12,024 [INFO] IPUIPlugin:80 - create IPUIPlugin
2025-08-30 09:50:12,024 [INFO] PluginManager:220 - loadIPPluginJar : add adc
2025-08-30 09:50:12,028 [INFO] IPUIPlugin:80 - create IPUIPlugin
2025-08-30 09:50:12,028 [INFO] PluginManager:220 - loadIPPluginJar : add aes
2025-08-30 09:50:12,031 [INFO] IPUIPlugin:80 - create IPUIPlugin
2025-08-30 09:50:12,031 [INFO] PluginManager:220 - loadIPPluginJar : add can
2025-08-30 09:50:12,035 [INFO] IPUIPlugin:80 - create IPUIPlugin
2025-08-30 09:50:12,035 [INFO] PluginManager:220 - loadIPPluginJar : add comp
2025-08-30 09:50:12,038 [INFO] IPUIPlugin:80 - create IPUIPlugin
2025-08-30 09:50:12,039 [INFO] PluginManager:220 - loadIPPluginJar : add cryp
2025-08-30 09:50:12,043 [INFO] IPUIPlugin:80 - create IPUIPlugin
2025-08-30 09:50:12,043 [INFO] PluginManager:220 - loadIPPluginJar : add ddr_ctrl_phy
2025-08-30 09:50:12,047 [INFO] IPUIPlugin:80 - create IPUIPlugin
2025-08-30 09:50:12,047 [INFO] PluginManager:220 - loadIPPluginJar : add dfsdm
2025-08-30 09:50:12,053 [INFO] IPUIPlugin:80 - create IPUIPlugin
2025-08-30 09:50:12,054 [INFO] PluginManager:220 - loadIPPluginJar : add dma
2025-08-30 09:50:12,058 [INFO] IPUIPlugin:80 - create IPUIPlugin
2025-08-30 09:50:12,058 [INFO] PluginManager:220 - loadIPPluginJar : add dma3
2025-08-30 09:50:12,061 [INFO] IPUIPlugin:80 - create IPUIPlugin
2025-08-30 09:50:12,061 [INFO] PluginManager:220 - loadIPPluginJar : add extmemmanager
2025-08-30 09:50:12,064 [INFO] IPUIPlugin:80 - create IPUIPlugin
2025-08-30 09:50:12,064 [INFO] PluginManager:220 - loadIPPluginJar : add fatfs
2025-08-30 09:50:12,070 [INFO] IPUIPlugin:80 - create IPUIPlugin
2025-08-30 09:50:12,070 [INFO] PluginManager:220 - loadIPPluginJar : add fmc
2025-08-30 09:50:12,078 [INFO] IPUIPlugin:80 - create IPUIPlugin
2025-08-30 09:50:12,078 [INFO] PluginManager:220 - loadIPPluginJar : add freertos
2025-08-30 09:50:12,081 [INFO] IPUIPlugin:80 - create IPUIPlugin
2025-08-30 09:50:12,081 [INFO] PluginManager:220 - loadIPPluginJar : add genericplugin
2025-08-30 09:50:12,084 [INFO] IPUIPlugin:80 - create IPUIPlugin
2025-08-30 09:50:12,084 [INFO] PluginManager:220 - loadIPPluginJar : add gfxmmu
2025-08-30 09:50:12,089 [INFO] IPUIPlugin:80 - create IPUIPlugin
2025-08-30 09:50:12,089 [INFO] PluginManager:220 - loadIPPluginJar : add gic
2025-08-30 09:50:12,094 [INFO] IPUIPlugin:80 - create IPUIPlugin
2025-08-30 09:50:12,094 [INFO] PluginManager:220 - loadIPPluginJar : add gpio
2025-08-30 09:50:12,098 [INFO] IPUIPlugin:80 - create IPUIPlugin
2025-08-30 09:50:12,098 [INFO] PluginManager:220 - loadIPPluginJar : add gtzc
2025-08-30 09:50:12,101 [INFO] IPUIPlugin:80 - create IPUIPlugin
2025-08-30 09:50:12,101 [INFO] PluginManager:220 - loadIPPluginJar : add hash
2025-08-30 09:50:12,104 [INFO] IPUIPlugin:80 - create IPUIPlugin
2025-08-30 09:50:12,104 [INFO] PluginManager:220 - loadIPPluginJar : add i2c
2025-08-30 09:50:12,107 [INFO] IPUIPlugin:80 - create IPUIPlugin
2025-08-30 09:50:12,107 [INFO] PluginManager:220 - loadIPPluginJar : add i2s
2025-08-30 09:50:12,111 [INFO] IPUIPlugin:80 - create IPUIPlugin
2025-08-30 09:50:12,111 [INFO] PluginManager:220 - loadIPPluginJar : add i3c
2025-08-30 09:50:12,116 [INFO] IPUIPlugin:80 - create IPUIPlugin
2025-08-30 09:50:12,116 [INFO] PluginManager:220 - loadIPPluginJar : add ipddr
2025-08-30 09:50:12,124 [INFO] IPUIPlugin:80 - create IPUIPlugin
2025-08-30 09:50:12,124 [INFO] PluginManager:220 - loadIPPluginJar : add linkedlist
2025-08-30 09:50:12,128 [INFO] IPUIPlugin:80 - create IPUIPlugin
2025-08-30 09:50:12,128 [INFO] PluginManager:220 - loadIPPluginJar : add lorawan
2025-08-30 09:50:12,130 [INFO] IPUIPlugin:80 - create IPUIPlugin
2025-08-30 09:50:12,130 [INFO] PluginManager:220 - loadIPPluginJar : add ltdc
2025-08-30 09:50:12,137 [INFO] IPUIPlugin:80 - create IPUIPlugin
2025-08-30 09:50:12,137 [INFO] PluginManager:220 - loadIPPluginJar : add mdma
2025-08-30 09:50:12,141 [INFO] IPUIPlugin:80 - create IPUIPlugin
2025-08-30 09:50:12,141 [INFO] PluginManager:220 - loadIPPluginJar : add nvic
2025-08-30 09:50:12,145 [INFO] IPUIPlugin:80 - create IPUIPlugin
2025-08-30 09:50:12,145 [INFO] PluginManager:220 - loadIPPluginJar : add opamp
2025-08-30 09:50:12,149 [INFO] IPUIPlugin:80 - create IPUIPlugin
2025-08-30 09:50:12,149 [INFO] PluginManager:220 - loadIPPluginJar : add openamp
2025-08-30 09:50:12,153 [INFO] IPUIPlugin:80 - create IPUIPlugin
2025-08-30 09:50:12,154 [INFO] PluginManager:220 - loadIPPluginJar : add pdm2pcm
2025-08-30 09:50:12,161 [INFO] IPUIPlugin:80 - create IPUIPlugin
2025-08-30 09:50:12,164 [INFO] PluginManager:220 - loadIPPluginJar : add plateformsettings
2025-08-30 09:50:12,166 [INFO] IPUIPlugin:80 - create IPUIPlugin
2025-08-30 09:50:12,166 [INFO] PluginManager:220 - loadIPPluginJar : add quadspi
2025-08-30 09:50:12,169 [INFO] IPUIPlugin:80 - create IPUIPlugin
2025-08-30 09:50:12,170 [INFO] PluginManager:220 - loadIPPluginJar : add radio
2025-08-30 09:50:12,175 [INFO] IPUIPlugin:80 - create IPUIPlugin
2025-08-30 09:50:12,175 [INFO] PluginManager:220 - loadIPPluginJar : add resmgrutility
2025-08-30 09:50:12,179 [INFO] IPUIPlugin:80 - create IPUIPlugin
2025-08-30 09:50:12,179 [INFO] PluginManager:220 - loadIPPluginJar : add sai
2025-08-30 09:50:12,183 [INFO] IPUIPlugin:80 - create IPUIPlugin
2025-08-30 09:50:12,183 [INFO] PluginManager:220 - loadIPPluginJar : add spi
2025-08-30 09:50:12,189 [INFO] IPUIPlugin:80 - create IPUIPlugin
2025-08-30 09:50:12,190 [INFO] PluginManager:220 - loadIPPluginJar : add stm32_wpan
2025-08-30 09:50:12,193 [INFO] IPUIPlugin:80 - create IPUIPlugin
2025-08-30 09:50:12,193 [INFO] PluginManager:220 - loadIPPluginJar : add tim
2025-08-30 09:50:12,196 [INFO] IPUIPlugin:80 - create IPUIPlugin
2025-08-30 09:50:12,196 [INFO] PluginManager:220 - loadIPPluginJar : add touchsensing
2025-08-30 09:50:12,199 [INFO] IPUIPlugin:80 - create IPUIPlugin
2025-08-30 09:50:12,199 [INFO] PluginManager:220 - loadIPPluginJar : add tracer_emb
2025-08-30 09:50:12,201 [INFO] IPUIPlugin:80 - create IPUIPlugin
2025-08-30 09:50:12,201 [INFO] PluginManager:220 - loadIPPluginJar : add ts
2025-08-30 09:50:12,203 [INFO] IPUIPlugin:80 - create IPUIPlugin
2025-08-30 09:50:12,204 [INFO] PluginManager:220 - loadIPPluginJar : add tsc
2025-08-30 09:50:12,206 [INFO] IPUIPlugin:80 - create IPUIPlugin
2025-08-30 09:50:12,206 [INFO] PluginManager:220 - loadIPPluginJar : add ucpd
2025-08-30 09:50:12,208 [INFO] IPUIPlugin:80 - create IPUIPlugin
2025-08-30 09:50:12,208 [INFO] PluginManager:220 - loadIPPluginJar : add usart
2025-08-30 09:50:12,212 [INFO] IPUIPlugin:80 - create IPUIPlugin
2025-08-30 09:50:12,212 [INFO] PluginManager:220 - loadIPPluginJar : add usbx
2025-08-30 09:50:12,358 [FATAL] Updater:351 - Updater called before beeing initialized
2025-08-30 09:50:12,387 [INFO] RulesReader:64 - Compatibility file has been processed (317 Rules)
2025-08-30 09:50:12,398 [INFO] RulesReader:64 - Compatibility file has been processed (317 Rules)
2025-08-30 09:50:12,405 [INFO] CADModel:165 - CPN selected for project level
2025-08-30 09:50:12,405 [INFO] CADModel:114 - Register for checkConnection events
2025-08-30 09:50:12,405 [FATAL] Updater:351 - Updater called before beeing initialized
2025-08-30 09:50:12,405 [ERROR] CADModel:125 - Updater not yet initialized, retry later 
2025-08-30 09:50:12,621 [FATAL] Updater:351 - Updater called before beeing initialized
2025-08-30 09:50:12,625 [INFO] CADModel:165 - CPN selected for project level
2025-08-30 09:50:12,625 [INFO] CADModel:114 - Register for checkConnection events
2025-08-30 09:50:12,626 [FATAL] Updater:351 - Updater called before beeing initialized
2025-08-30 09:50:12,626 [ERROR] CADModel:125 - Updater not yet initialized, retry later 
2025-08-30 09:50:12,630 [FATAL] Updater:351 - Updater called before beeing initialized
2025-08-30 09:50:12,813 [FATAL] Updater:351 - Updater called before beeing initialized
2025-08-30 09:50:12,819 [INFO] DbMcusAds:53 - JSON generation date=Tue Jul 08 17:14:23 KST 2025 (1751962463582)
2025-08-30 09:50:12,819 [FATAL] Updater:351 - Updater called before beeing initialized
2025-08-30 09:50:12,870 [WARN] DetailPanel:346 - Failed to get advertising image, set to default
2025-08-30 09:50:12,955 [FATAL] Updater:351 - Updater called before beeing initialized
2025-08-30 09:50:12,957 [FATAL] Updater:351 - Updater called before beeing initialized
2025-08-30 09:50:12,957 [FATAL] Updater:351 - Updater called before beeing initialized
2025-08-30 09:50:12,958 [WARN] DetailPanel:346 - Failed to get advertising image, set to default
2025-08-30 09:50:12,959 [FATAL] Updater:351 - Updater called before beeing initialized
2025-08-30 09:50:13,023 [ERROR] Updater:1198 - MainUpdater not yet initialized. External WinMGr cannot be set.
2025-08-30 09:50:13,031 [INFO] Updater:1134 - Updater Version found : 6.15.0
2025-08-30 09:50:13,061 [INFO] ApplicationProperties:184 - Using Application install path: C:\ST\STM32CubeIDE_1.14.0\STM32CubeIDE\plugins\com.st.stm32cube.common.mx_6.15.0.202507011659
2025-08-30 09:50:13,574 [INFO] MainUpdater:2872 - connection check result : 10
2025-08-30 09:50:13,575 [INFO] MainUpdater:289 - Updater Check For Update Now.
2025-08-30 09:50:13,575 [INFO] MicroXplorer:498 - Change Database Version : DB.6.0.150
2025-08-30 09:50:13,773 [INFO] CheckServerUpdateThread:120 - End of CheckServer Thread
2025-08-30 09:50:14,590 [WARN] PackLoader:240 - Cannot read IP mode file for STMicroelectronics.FP-SNS-MOTENVWB1.1.4.0
2025-08-30 09:50:14,725 [WARN] PackLoader:240 - Cannot read IP mode file for STMicroelectronics.FP-ATR-ASTRA1.2.0.2
2025-08-30 09:50:14,729 [WARN] PackLoader:240 - Cannot read IP mode file for STMicroelectronics.FP-ATR-ASTRA1.2.0.1
2025-08-30 09:50:14,736 [WARN] PackLoader:240 - Cannot read IP mode file for STMicroelectronics.X-CUBE-SMBUS.2.1.0
2025-08-30 09:50:14,744 [WARN] PackLoader:240 - Cannot read IP mode file for STMicroelectronics.X-CUBE-WB05N.1.1.0
2025-08-30 09:50:14,752 [WARN] PackLoader:240 - Cannot read IP mode file for STMicroelectronics.X-CUBE-ST60.1.0.0
2025-08-30 09:50:14,758 [WARN] PackLoader:240 - Cannot read IP mode file for STMicroelectronics.X-CUBE-TOUCHGFX.4.23.0
2025-08-30 09:50:14,797 [WARN] PackLoader:240 - Cannot read IP mode file for STMicroelectronics.X-CUBE-AZRTOS-F7.1.1.0
2025-08-30 09:50:14,807 [WARN] PackLoader:240 - Cannot read IP mode file for STMicroelectronics.FP-SNS-MOTENV1.4.3.2
2025-08-30 09:50:14,813 [ERROR] RealEvaluatedCondition:428 - Found unsupported composite condition: GROUP='STM32_MetaDataManager' CLASS='Data Exchange'
2025-08-30 09:50:14,813 [ERROR] RealEvaluatedCondition:428 - Found unsupported composite condition: GROUP='STM32_MetaDataManager' CLASS='Data Exchange'
2025-08-30 09:50:14,814 [WARN] PackLoader:240 - Cannot read IP mode file for STMicroelectronics.FP-SNS-MOTENV1.4.3.1
2025-08-30 09:50:14,820 [WARN] PackLoader:240 - Cannot read IP mode file for STMicroelectronics.FP-SNS-FLIGHT1.5.0.1
2025-08-30 09:50:14,826 [WARN] PackLoader:240 - Cannot read IP mode file for STMicroelectronics.X-CUBE-BLE1.6.2.3
2025-08-30 10:21:03,995 [INFO] Activator:176 - 


2025-08-30 10:21:03,998 [INFO] Activator:177 - !SESSION log4j initialized
2025-08-30 10:21:08,378 [INFO] LogOutputStream:77 - [STDOUT_REDIRECT] 
2025-08-30 10:21:10,325 [INFO] ApplicationProperties:184 - Using Application install path: C:\ST\STM32CubeIDE_1.14.0\STM32CubeIDE\plugins\com.st.stm32cube.common.mx_6.15.0.202507011659
2025-08-30 10:21:10,342 [INFO] DbMcusXml:78 - Set database path to: C:\ST\STM32CubeIDE_1.14.0\STM32CubeIDE\plugins\com.st.stm32cube.common.mx_6.15.0.202507011659\\db\/mcu/
2025-08-30 10:21:10,342 [INFO] ApiDb:274 - Set plugin database path to: C:\ST\STM32CubeIDE_1.14.0\STM32CubeIDE\plugins\com.st.stm32cube.common.mx_6.15.0.202507011659\\db\/plugins/boardmanager/
2025-08-30 10:21:10,343 [WARN] ApiDb:259 - Overriding images path with different value:  => C:\ST\STM32CubeIDE_1.14.0\STM32CubeIDE\plugins\com.st.stm32cube.common.mx_6.15.0.202507011659\\db\/plugins/mcufinder/images/
2025-08-30 10:21:10,348 [INFO] ApiDb:250 - Set database path to: C:\Users\jihoo\.stmcufinder\plugins\mcufinder//mcu/
2025-08-30 10:21:10,349 [INFO] DbMcusAds:125 - Set database path to: C:\Users\jihoo\.stmcufinder\plugins\mcufinder//mcu/
2025-08-30 10:21:10,352 [INFO] CrossReferenceDbSqlite:203 - Set database path to: C:\Users\jihoo\.stmcufinder\plugins\mcufinder//mcu/cs/
2025-08-30 10:21:10,489 [INFO] RulesReader:64 - Compatibility file has been processed (317 Rules)
2025-08-30 10:21:10,558 [INFO] DbMcusXml:78 - Set database path to: C:\ST\STM32CubeIDE_1.14.0\STM32CubeIDE\plugins\com.st.stm32cube.common.mx_6.15.0.202507011659\\db\/mcu/
2025-08-30 10:21:10,558 [INFO] ApiDb:274 - Set plugin database path to: C:\ST\STM32CubeIDE_1.14.0\STM32CubeIDE\plugins\com.st.stm32cube.common.mx_6.15.0.202507011659\\db\/plugins/boardmanager/
2025-08-30 10:21:10,559 [INFO] ApiDb:261 - Set plugin images path to: C:\ST\STM32CubeIDE_1.14.0\STM32CubeIDE\plugins\com.st.stm32cube.common.mx_6.15.0.202507011659\\db\/plugins/mcufinder/images/
2025-08-30 10:21:10,559 [WARN] DbFile:41 - Overriding database path with different value: C:\Users\jihoo\.stmcufinder\plugins\mcufinder/ => C:\Users\jihoo\.stmcufinder\plugins\mcufinder
2025-08-30 10:21:10,559 [INFO] ApiDb:250 - Set database path to: C:\Users\jihoo\.stmcufinder\plugins\mcufinder//mcu/
2025-08-30 10:21:10,559 [WARN] DbFile:41 - Overriding database path with different value: C:\Users\jihoo\.stmcufinder\plugins\mcufinder/ => C:\Users\jihoo\.stmcufinder\plugins\mcufinder
2025-08-30 10:21:10,559 [INFO] DbMcusAds:125 - Set database path to: C:\Users\jihoo\.stmcufinder\plugins\mcufinder//mcu/
2025-08-30 10:21:10,559 [WARN] DbFile:41 - Overriding database path with different value: C:\Users\jihoo\.stmcufinder\plugins\mcufinder/ => C:\Users\jihoo\.stmcufinder\plugins\mcufinder
2025-08-30 10:21:10,560 [WARN] DbFile:41 - Overriding database path with different value: C:\Users\jihoo\.stmcufinder\plugins\mcufinder/ => C:\Users\jihoo\.stmcufinder\plugins\mcufinder
2025-08-30 10:21:10,560 [INFO] CrossReferenceDbSqlite:203 - Set database path to: C:\Users\jihoo\.stmcufinder\plugins\mcufinder//mcu/cs/
2025-08-30 10:21:10,642 [INFO] MainPanel:274 - HeapMemory: 447741952
2025-08-30 10:21:10,746 [INFO] DbMcusXml:78 - Set database path to: C:\ST\STM32CubeIDE_1.14.0\STM32CubeIDE\plugins\com.st.stm32cube.common.mx_6.15.0.202507011659\\db\/mcu/
2025-08-30 10:21:10,746 [INFO] ApiDb:274 - Set plugin database path to: C:\ST\STM32CubeIDE_1.14.0\STM32CubeIDE\plugins\com.st.stm32cube.common.mx_6.15.0.202507011659\\db\/plugins/boardmanager/
2025-08-30 10:21:10,746 [INFO] ApiDb:261 - Set plugin images path to: C:\ST\STM32CubeIDE_1.14.0\STM32CubeIDE\plugins\com.st.stm32cube.common.mx_6.15.0.202507011659\\db\/plugins/mcufinder/images/
2025-08-30 10:21:10,746 [WARN] DbFile:41 - Overriding database path with different value: C:\Users\jihoo\.stmcufinder\plugins\mcufinder/ => C:\Users\jihoo\.stmcufinder\plugins\mcufinder
2025-08-30 10:21:10,746 [INFO] ApiDb:250 - Set database path to: C:\Users\jihoo\.stmcufinder\plugins\mcufinder//mcu/
2025-08-30 10:21:10,746 [WARN] DbFile:41 - Overriding database path with different value: C:\Users\jihoo\.stmcufinder\plugins\mcufinder/ => C:\Users\jihoo\.stmcufinder\plugins\mcufinder
2025-08-30 10:21:10,746 [INFO] DbMcusAds:125 - Set database path to: C:\Users\jihoo\.stmcufinder\plugins\mcufinder//mcu/
2025-08-30 10:21:10,746 [WARN] DbFile:41 - Overriding database path with different value: C:\Users\jihoo\.stmcufinder\plugins\mcufinder/ => C:\Users\jihoo\.stmcufinder\plugins\mcufinder
2025-08-30 10:21:10,747 [WARN] DbFile:41 - Overriding database path with different value: C:\Users\jihoo\.stmcufinder\plugins\mcufinder/ => C:\Users\jihoo\.stmcufinder\plugins\mcufinder
2025-08-30 10:21:10,747 [INFO] CrossReferenceDbSqlite:203 - Set database path to: C:\Users\jihoo\.stmcufinder\plugins\mcufinder//mcu/cs/
2025-08-30 10:21:10,768 [INFO] ApplicationProperties:184 - Using Application install path: C:\ST\STM32CubeIDE_1.14.0\STM32CubeIDE\plugins\com.st.stm32cube.common.mx_6.15.0.202507011659
2025-08-30 10:21:10,770 [INFO] PluginManage:196 - Search for loadable plugins [exclusion list=, ]
2025-08-30 10:21:10,772 [INFO] PluginManage:310 - Check plugin analytics
2025-08-30 10:21:10,968 [INFO] AnalyticsPlugin:253 - Accepted Software Licenses: STM32CubeMX.6.6.1,STM32CubeMX.6.7.0,STM32CubeMX.6.10.0,STM32CubeMX.6.12.0,STM32CubeMX.6.13.0,STM32CubeMX.6.14.1,STM32CubeMX.6.15.0
2025-08-30 10:21:10,980 [INFO] AnalyticsPlugin:255 - Accepted CMSIS Pack Licenses: Oryx-Embedded.Middleware.2.5.2
2025-08-30 10:21:10,980 [INFO] AnalyticsPlugin:257 - Accepted Firmware Licenses: FW.H7.1.12.0,FW.F4.1.28.0
2025-08-30 10:21:10,983 [INFO] PluginManage:359 - Loaded plugin analytics (category:tool,tabindex:-1)
2025-08-30 10:21:10,984 [INFO] PluginManage:310 - Check plugin cadmodel
2025-08-30 10:21:10,989 [INFO] CADModel:105 - Init CAD model plugin
2025-08-30 10:21:10,989 [INFO] PluginManage:359 - Loaded plugin cadmodel (category:power,tabindex:5)
2025-08-30 10:21:10,989 [INFO] PluginManage:310 - Check plugin clock
2025-08-30 10:21:10,998 [INFO] PluginManage:359 - Loaded plugin clock (category:base,tabindex:2)
2025-08-30 10:21:10,998 [INFO] PluginManage:310 - Check plugin ddr
2025-08-30 10:21:11,001 [INFO] PluginManage:359 - Loaded plugin ddr (category:tool,tabindex:6)
2025-08-30 10:21:11,001 [INFO] PluginManage:310 - Check plugin filemanager
2025-08-30 10:21:11,161 [INFO] PluginManage:359 - Loaded plugin filemanager (category:base,tabindex:10)
2025-08-30 10:21:11,162 [INFO] PluginManage:310 - Check plugin ipmanager
2025-08-30 10:21:11,170 [INFO] PluginManage:359 - Loaded plugin ipmanager (category:base,tabindex:5)
2025-08-30 10:21:11,170 [INFO] PluginManage:310 - Check plugin lpbam
2025-08-30 10:21:11,179 [INFO] PluginManage:359 - Loaded plugin lpbam (category:base,tabindex:0)
2025-08-30 10:21:11,179 [INFO] PluginManage:310 - Check plugin memorymap
2025-08-30 10:21:11,192 [INFO] PluginManage:359 - Loaded plugin memorymap (category:base,tabindex:4)
2025-08-30 10:21:11,192 [INFO] PluginManage:310 - Check plugin pinoutandconfiguration
2025-08-30 10:21:11,200 [INFO] PluginManage:359 - Loaded plugin pinoutandconfiguration (category:base,tabindex:1)
2025-08-30 10:21:11,200 [INFO] PluginManage:310 - Check plugin pinoutconfig
2025-08-30 10:21:11,332 [WARN] SupportedApi:132 - Cannot load RTOS API schema: s4s-elt-must-match.1: The content of 'definitions' must match (annotation?, (simpleType | complexType)?, (unique | key | keyref)*)). A problem was found starting at: attribute.
2025-08-30 10:21:11,508 [INFO] PluginManage:359 - Loaded plugin pinoutconfig (category:base,tabindex:0)
2025-08-30 10:21:11,509 [INFO] PluginManage:310 - Check plugin power
2025-08-30 10:21:11,517 [INFO] PluginManage:359 - Loaded plugin power (category:power,tabindex:4)
2025-08-30 10:21:11,517 [INFO] PluginManage:310 - Check plugin projectmanager
2025-08-30 10:21:11,536 [INFO] PluginManage:359 - Loaded plugin projectmanager (category:projectmanager,tabindex:4)
2025-08-30 10:21:11,537 [INFO] PluginManage:310 - Check plugin rif
2025-08-30 10:21:11,548 [INFO] PluginManage:359 - Loaded plugin rif (category:base,tabindex:3)
2025-08-30 10:21:11,549 [INFO] PluginManage:310 - Check plugin thirdparty
2025-08-30 10:21:11,701 [INFO] PluginManage:359 - Loaded plugin thirdparty (category:base,tabindex:-1)
2025-08-30 10:21:11,701 [WARN] IntegrityCheckThread:84 - waiting for thirdparty lock release [integrity check]
2025-08-30 10:21:11,701 [INFO] PluginManage:310 - Check plugin tools
2025-08-30 10:21:11,702 [INFO] IntegrityCheckThread:86 - entering critical section [integrity check]
2025-08-30 10:21:11,702 [INFO] ThirdPartyUpdaterWithRetryManager:70 - Updater plugin not ready yet. [1/15]
2025-08-30 10:21:11,705 [INFO] PluginManage:359 - Loaded plugin tools (category:base,tabindex:7)
2025-08-30 10:21:11,705 [INFO] PluginManage:310 - Check plugin tutovideos
2025-08-30 10:21:11,942 [INFO] PluginManage:359 - Loaded plugin tutovideos (category:base,tabindex:-1)
2025-08-30 10:21:11,943 [INFO] PluginManage:310 - Check plugin updater
2025-08-30 10:21:11,964 [INFO] PluginManage:359 - Loaded plugin updater (category:base,tabindex:12)
2025-08-30 10:21:11,964 [INFO] PluginManage:310 - Check plugin userauth
2025-08-30 10:21:11,969 [INFO] UserAuth:118 - Init User Auth plugin
2025-08-30 10:21:11,970 [INFO] PluginManage:359 - Loaded plugin userauth (category:base,tabindex:14)
2025-08-30 10:21:11,971 [INFO] PluginManage:283 - PluginManage : Loaded plugins [18]
2025-08-30 10:21:12,214 [INFO] PinOutPanel:1589 - setPackage(No Configuration,No Configuration)
2025-08-30 10:21:12,312 [INFO] CADModel:165 - CPN selected for project level
2025-08-30 10:21:12,312 [INFO] CADModel:114 - Register for checkConnection events
2025-08-30 10:21:12,334 [INFO] IPUIPlugin:80 - create IPUIPlugin
2025-08-30 10:21:12,335 [INFO] PluginManager:220 - loadIPPluginJar : add adc
2025-08-30 10:21:12,337 [INFO] IPUIPlugin:80 - create IPUIPlugin
2025-08-30 10:21:12,337 [INFO] PluginManager:220 - loadIPPluginJar : add aes
2025-08-30 10:21:12,342 [INFO] IPUIPlugin:80 - create IPUIPlugin
2025-08-30 10:21:12,342 [INFO] PluginManager:220 - loadIPPluginJar : add can
2025-08-30 10:21:12,343 [INFO] IPUIPlugin:80 - create IPUIPlugin
2025-08-30 10:21:12,344 [INFO] PluginManager:220 - loadIPPluginJar : add comp
2025-08-30 10:21:12,347 [INFO] IPUIPlugin:80 - create IPUIPlugin
2025-08-30 10:21:12,348 [INFO] PluginManager:220 - loadIPPluginJar : add cryp
2025-08-30 10:21:12,352 [INFO] IPUIPlugin:80 - create IPUIPlugin
2025-08-30 10:21:12,353 [INFO] PluginManager:220 - loadIPPluginJar : add ddr_ctrl_phy
2025-08-30 10:21:12,355 [INFO] IPUIPlugin:80 - create IPUIPlugin
2025-08-30 10:21:12,355 [INFO] PluginManager:220 - loadIPPluginJar : add dfsdm
2025-08-30 10:21:12,361 [INFO] IPUIPlugin:80 - create IPUIPlugin
2025-08-30 10:21:12,362 [INFO] PluginManager:220 - loadIPPluginJar : add dma
2025-08-30 10:21:12,365 [INFO] IPUIPlugin:80 - create IPUIPlugin
2025-08-30 10:21:12,365 [INFO] PluginManager:220 - loadIPPluginJar : add dma3
2025-08-30 10:21:12,369 [INFO] IPUIPlugin:80 - create IPUIPlugin
2025-08-30 10:21:12,369 [INFO] PluginManager:220 - loadIPPluginJar : add extmemmanager
2025-08-30 10:21:12,371 [INFO] IPUIPlugin:80 - create IPUIPlugin
2025-08-30 10:21:12,371 [INFO] PluginManager:220 - loadIPPluginJar : add fatfs
2025-08-30 10:21:12,376 [INFO] IPUIPlugin:80 - create IPUIPlugin
2025-08-30 10:21:12,376 [INFO] PluginManager:220 - loadIPPluginJar : add fmc
2025-08-30 10:21:12,383 [INFO] IPUIPlugin:80 - create IPUIPlugin
2025-08-30 10:21:12,384 [INFO] PluginManager:220 - loadIPPluginJar : add freertos
2025-08-30 10:21:12,410 [INFO] IPUIPlugin:80 - create IPUIPlugin
2025-08-30 10:21:12,410 [INFO] PluginManager:220 - loadIPPluginJar : add genericplugin
2025-08-30 10:21:12,413 [INFO] IPUIPlugin:80 - create IPUIPlugin
2025-08-30 10:21:12,413 [INFO] PluginManager:220 - loadIPPluginJar : add gfxmmu
2025-08-30 10:21:12,420 [INFO] IPUIPlugin:80 - create IPUIPlugin
2025-08-30 10:21:12,420 [INFO] PluginManager:220 - loadIPPluginJar : add gic
2025-08-30 10:21:12,425 [INFO] IPUIPlugin:80 - create IPUIPlugin
2025-08-30 10:21:12,425 [INFO] PluginManager:220 - loadIPPluginJar : add gpio
2025-08-30 10:21:12,429 [INFO] IPUIPlugin:80 - create IPUIPlugin
2025-08-30 10:21:12,429 [INFO] PluginManager:220 - loadIPPluginJar : add gtzc
2025-08-30 10:21:12,431 [INFO] IPUIPlugin:80 - create IPUIPlugin
2025-08-30 10:21:12,431 [INFO] PluginManager:220 - loadIPPluginJar : add hash
2025-08-30 10:21:12,434 [INFO] IPUIPlugin:80 - create IPUIPlugin
2025-08-30 10:21:12,434 [INFO] PluginManager:220 - loadIPPluginJar : add i2c
2025-08-30 10:21:12,436 [INFO] IPUIPlugin:80 - create IPUIPlugin
2025-08-30 10:21:12,436 [INFO] PluginManager:220 - loadIPPluginJar : add i2s
2025-08-30 10:21:12,441 [INFO] IPUIPlugin:80 - create IPUIPlugin
2025-08-30 10:21:12,441 [INFO] PluginManager:220 - loadIPPluginJar : add i3c
2025-08-30 10:21:12,445 [INFO] IPUIPlugin:80 - create IPUIPlugin
2025-08-30 10:21:12,445 [INFO] PluginManager:220 - loadIPPluginJar : add ipddr
2025-08-30 10:21:12,453 [INFO] IPUIPlugin:80 - create IPUIPlugin
2025-08-30 10:21:12,453 [INFO] PluginManager:220 - loadIPPluginJar : add linkedlist
2025-08-30 10:21:12,457 [INFO] IPUIPlugin:80 - create IPUIPlugin
2025-08-30 10:21:12,457 [INFO] PluginManager:220 - loadIPPluginJar : add lorawan
2025-08-30 10:21:12,459 [INFO] IPUIPlugin:80 - create IPUIPlugin
2025-08-30 10:21:12,460 [INFO] PluginManager:220 - loadIPPluginJar : add ltdc
2025-08-30 10:21:12,466 [INFO] IPUIPlugin:80 - create IPUIPlugin
2025-08-30 10:21:12,466 [INFO] PluginManager:220 - loadIPPluginJar : add mdma
2025-08-30 10:21:12,471 [INFO] IPUIPlugin:80 - create IPUIPlugin
2025-08-30 10:21:12,471 [INFO] PluginManager:220 - loadIPPluginJar : add nvic
2025-08-30 10:21:12,474 [INFO] IPUIPlugin:80 - create IPUIPlugin
2025-08-30 10:21:12,474 [INFO] PluginManager:220 - loadIPPluginJar : add opamp
2025-08-30 10:21:12,477 [INFO] IPUIPlugin:80 - create IPUIPlugin
2025-08-30 10:21:12,477 [INFO] PluginManager:220 - loadIPPluginJar : add openamp
2025-08-30 10:21:12,482 [INFO] IPUIPlugin:80 - create IPUIPlugin
2025-08-30 10:21:12,482 [INFO] PluginManager:220 - loadIPPluginJar : add pdm2pcm
2025-08-30 10:21:12,488 [INFO] IPUIPlugin:80 - create IPUIPlugin
2025-08-30 10:21:12,491 [INFO] PluginManager:220 - loadIPPluginJar : add plateformsettings
2025-08-30 10:21:12,493 [INFO] IPUIPlugin:80 - create IPUIPlugin
2025-08-30 10:21:12,493 [INFO] PluginManager:220 - loadIPPluginJar : add quadspi
2025-08-30 10:21:12,495 [INFO] IPUIPlugin:80 - create IPUIPlugin
2025-08-30 10:21:12,495 [INFO] PluginManager:220 - loadIPPluginJar : add radio
2025-08-30 10:21:12,499 [INFO] IPUIPlugin:80 - create IPUIPlugin
2025-08-30 10:21:12,499 [INFO] PluginManager:220 - loadIPPluginJar : add resmgrutility
2025-08-30 10:21:12,502 [INFO] IPUIPlugin:80 - create IPUIPlugin
2025-08-30 10:21:12,502 [INFO] PluginManager:220 - loadIPPluginJar : add sai
2025-08-30 10:21:12,506 [INFO] IPUIPlugin:80 - create IPUIPlugin
2025-08-30 10:21:12,506 [INFO] PluginManager:220 - loadIPPluginJar : add spi
2025-08-30 10:21:12,512 [INFO] IPUIPlugin:80 - create IPUIPlugin
2025-08-30 10:21:12,512 [INFO] PluginManager:220 - loadIPPluginJar : add stm32_wpan
2025-08-30 10:21:12,514 [INFO] IPUIPlugin:80 - create IPUIPlugin
2025-08-30 10:21:12,514 [INFO] PluginManager:220 - loadIPPluginJar : add tim
2025-08-30 10:21:12,519 [INFO] IPUIPlugin:80 - create IPUIPlugin
2025-08-30 10:21:12,519 [INFO] PluginManager:220 - loadIPPluginJar : add touchsensing
2025-08-30 10:21:12,521 [INFO] IPUIPlugin:80 - create IPUIPlugin
2025-08-30 10:21:12,521 [INFO] PluginManager:220 - loadIPPluginJar : add tracer_emb
2025-08-30 10:21:12,523 [INFO] IPUIPlugin:80 - create IPUIPlugin
2025-08-30 10:21:12,523 [INFO] PluginManager:220 - loadIPPluginJar : add ts
2025-08-30 10:21:12,525 [INFO] IPUIPlugin:80 - create IPUIPlugin
2025-08-30 10:21:12,525 [INFO] PluginManager:220 - loadIPPluginJar : add tsc
2025-08-30 10:21:12,528 [INFO] IPUIPlugin:80 - create IPUIPlugin
2025-08-30 10:21:12,528 [INFO] PluginManager:220 - loadIPPluginJar : add ucpd
2025-08-30 10:21:12,531 [INFO] IPUIPlugin:80 - create IPUIPlugin
2025-08-30 10:21:12,531 [INFO] PluginManager:220 - loadIPPluginJar : add usart
2025-08-30 10:21:12,535 [INFO] IPUIPlugin:80 - create IPUIPlugin
2025-08-30 10:21:12,535 [INFO] PluginManager:220 - loadIPPluginJar : add usbx
2025-08-30 10:21:12,670 [FATAL] Updater:351 - Updater called before beeing initialized
2025-08-30 10:21:12,699 [INFO] RulesReader:64 - Compatibility file has been processed (317 Rules)
2025-08-30 10:21:12,713 [INFO] RulesReader:64 - Compatibility file has been processed (317 Rules)
2025-08-30 10:21:12,723 [INFO] CADModel:165 - CPN selected for project level
2025-08-30 10:21:12,723 [INFO] CADModel:114 - Register for checkConnection events
2025-08-30 10:21:12,723 [FATAL] Updater:351 - Updater called before beeing initialized
2025-08-30 10:21:12,723 [ERROR] CADModel:125 - Updater not yet initialized, retry later 
2025-08-30 10:21:12,920 [FATAL] Updater:351 - Updater called before beeing initialized
2025-08-30 10:21:12,942 [INFO] CADModel:165 - CPN selected for project level
2025-08-30 10:21:12,942 [INFO] CADModel:114 - Register for checkConnection events
2025-08-30 10:21:12,943 [FATAL] Updater:351 - Updater called before beeing initialized
2025-08-30 10:21:12,943 [ERROR] CADModel:125 - Updater not yet initialized, retry later 
2025-08-30 10:21:12,951 [FATAL] Updater:351 - Updater called before beeing initialized
2025-08-30 10:21:13,102 [FATAL] Updater:351 - Updater called before beeing initialized
2025-08-30 10:21:13,108 [INFO] DbMcusAds:53 - JSON generation date=Tue Jul 08 17:14:23 KST 2025 (1751962463582)
2025-08-30 10:21:13,109 [FATAL] Updater:351 - Updater called before beeing initialized
2025-08-30 10:21:13,146 [WARN] DetailPanel:346 - Failed to get advertising image, set to default
2025-08-30 10:21:13,237 [FATAL] Updater:351 - Updater called before beeing initialized
2025-08-30 10:21:13,241 [FATAL] Updater:351 - Updater called before beeing initialized
2025-08-30 10:21:13,241 [FATAL] Updater:351 - Updater called before beeing initialized
2025-08-30 10:21:13,241 [WARN] DetailPanel:346 - Failed to get advertising image, set to default
2025-08-30 10:21:13,242 [FATAL] Updater:351 - Updater called before beeing initialized
2025-08-30 10:21:13,297 [ERROR] Updater:1198 - MainUpdater not yet initialized. External WinMGr cannot be set.
2025-08-30 10:21:13,300 [INFO] Updater:1134 - Updater Version found : 6.15.0
2025-08-30 10:21:13,318 [INFO] ApplicationProperties:184 - Using Application install path: C:\ST\STM32CubeIDE_1.14.0\STM32CubeIDE\plugins\com.st.stm32cube.common.mx_6.15.0.202507011659
2025-08-30 10:21:13,689 [INFO] MainUpdater:2872 - connection check result : 10
2025-08-30 10:21:13,690 [INFO] MainUpdater:289 - Updater Check For Update Now.
2025-08-30 10:21:13,690 [INFO] MicroXplorer:498 - Change Database Version : DB.6.0.150
2025-08-30 10:21:13,703 [INFO] McuFinderGlobals:63 - Set McuFinder mode to 2 (CubeIDE integrated)
2025-08-30 10:21:13,704 [INFO] UserAuth:487 - Internet connection configuration mode: 1
2025-08-30 10:21:13,730 [INFO] JxBrowserEngine:152 - Initiate JxBrowser Engine with user profile folder
2025-08-30 10:21:13,871 [INFO] CheckServerUpdateThread:120 - End of CheckServer Thread
2025-08-30 10:21:14,999 [WARN] PackLoader:240 - Cannot read IP mode file for STMicroelectronics.FP-SNS-MOTENVWB1.1.4.0
2025-08-30 10:21:15,009 [WARN] PackLoader:240 - Cannot read IP mode file for STMicroelectronics.FP-ATR-ASTRA1.2.0.2
2025-08-30 10:21:15,014 [WARN] PackLoader:240 - Cannot read IP mode file for STMicroelectronics.FP-ATR-ASTRA1.2.0.1
2025-08-30 10:21:15,465 [WARN] PackLoader:240 - Cannot read IP mode file for STMicroelectronics.X-CUBE-SMBUS.2.1.0
2025-08-30 10:21:15,476 [WARN] PackLoader:240 - Cannot read IP mode file for STMicroelectronics.X-CUBE-WB05N.1.1.0
2025-08-30 10:21:15,484 [WARN] PackLoader:240 - Cannot read IP mode file for STMicroelectronics.X-CUBE-ST60.1.0.0
2025-08-30 10:21:15,491 [WARN] PackLoader:240 - Cannot read IP mode file for STMicroelectronics.X-CUBE-TOUCHGFX.4.23.0
2025-08-30 10:21:15,525 [WARN] PackLoader:240 - Cannot read IP mode file for STMicroelectronics.X-CUBE-AZRTOS-F7.1.1.0
2025-08-30 10:21:15,536 [WARN] PackLoader:240 - Cannot read IP mode file for STMicroelectronics.FP-SNS-MOTENV1.4.3.2
2025-08-30 10:21:15,543 [ERROR] RealEvaluatedCondition:428 - Found unsupported composite condition: CLASS='Data Exchange' GROUP='STM32_MetaDataManager'
2025-08-30 10:21:15,543 [ERROR] RealEvaluatedCondition:428 - Found unsupported composite condition: CLASS='Data Exchange' GROUP='STM32_MetaDataManager'
2025-08-30 10:21:15,545 [WARN] PackLoader:240 - Cannot read IP mode file for STMicroelectronics.FP-SNS-MOTENV1.4.3.1
2025-08-30 10:21:15,553 [WARN] PackLoader:240 - Cannot read IP mode file for STMicroelectronics.FP-SNS-FLIGHT1.5.0.1
2025-08-30 10:21:15,570 [WARN] PackLoader:240 - Cannot read IP mode file for STMicroelectronics.X-CUBE-BLE1.6.2.3
2025-08-30 10:21:15,638 [WARN] PackLoader:240 - Cannot read IP mode file for STMicroelectronics.X-CUBE-MEMS1.11.0.0
2025-08-30 10:21:15,815 [WARN] PackLoader:240 - Cannot read IP mode file for STMicroelectronics.X-CUBE-BLE1.6.2.4
2025-08-30 10:21:15,827 [WARN] PackLoader:240 - Cannot read IP mode file for WES.I-CUBE-Cesium.1.4.0
2025-08-30 10:21:15,832 [WARN] PackLoader:240 - Cannot read IP mode file for STMicroelectronics.FP-SNS-FLIGHT1.5.0.2
2025-08-30 10:21:15,857 [WARN] PackLoader:240 - Cannot read IP mode file for Infineon.AIROC-Wi-Fi-Bluetooth-STM32.1.7.1
2025-08-30 10:21:15,874 [WARN] PackLoader:240 - Cannot read IP mode file for STMicroelectronics.X-CUBE-TOF1.3.1.0
2025-08-30 10:21:15,904 [WARN] PackLoader:240 - Cannot read IP mode file for STMicroelectronics.X-CUBE-AZRTOS-H7.3.4.0
2025-08-30 10:21:15,916 [WARN] PackLoader:240 - Cannot read IP mode file for STMicroelectronics.X-CUBE-DISPLAY.3.0.0
2025-08-30 10:21:15,926 [WARN] PackLoader:240 - Cannot read IP mode file for STMicroelectronics.X-CUBE-BLE1.7.0.0
2025-08-30 10:21:15,934 [WARN] PackLoader:240 - Cannot read IP mode file for STMicroelectronics.X-CUBE-NFC10.1.0.0
2025-08-30 10:21:15,952 [WARN] PackLoader:240 - Cannot read IP mode file for STMicroelectronics.X-CUBE-BLEMGR.4.0.0
2025-08-30 10:21:15,961 [WARN] PackLoader:240 - Cannot read IP mode file for emotas.I-CUBE-CANOPEN.1.3.0
2025-08-30 10:21:15,999 [WARN] PackLoader:240 - Cannot read IP mode file for STMicroelectronics.X-CUBE-MEMS1.9.3.0
2025-08-30 10:21:16,133 [INFO] WebApp:169 - Instantiating new browser for Auth
2025-08-30 10:21:16,138 [WARN] PackLoader:240 - Cannot read IP mode file for STMicroelectronics.X-CUBE-AI.7.2.0
2025-08-30 10:21:16,147 [WARN] PackLoader:240 - Cannot read IP mode file for STMicroelectronics.X-CUBE-BLEMGR.3.1.0
2025-08-30 10:21:16,154 [WARN] PackLoader:240 - Cannot read IP mode file for STMicroelectronics.X-CUBE-AI.10.0.0
2025-08-30 10:21:16,162 [WARN] PackLoader:240 - Cannot read IP mode file for STMicroelectronics.FP-SNS-STBOX1.2.1.0
2025-08-30 10:21:16,171 [WARN] PackLoader:240 - Cannot read IP mode file for STMicroelectronics.FP-SNS-SMARTAG2.1.2.0
2025-08-30 10:21:16,178 [WARN] PackLoader:240 - Cannot read IP mode file for STMicroelectronics.FP-SNS-FLIGHT1.5.1.0
2025-08-30 10:21:16,188 [INFO] LogOutputStream:77 - [STDOUT_REDIRECT] 1 : Invalid condition id : UX_CORESTACK_Condition cause : null
2025-08-30 10:21:16,189 [INFO] LogOutputStream:77 - [STDOUT_REDIRECT] 1 : Invalid condition id : UX_CORESTACK_Condition cause : null
2025-08-30 10:21:16,191 [INFO] LogOutputStream:77 - [STDOUT_REDIRECT] 1 : Invalid condition id : UX_CORESTACK_Condition cause : null
2025-08-30 10:21:16,192 [INFO] LogOutputStream:77 - [STDOUT_REDIRECT] 1 : Invalid condition id : UX_CORESTACK_Condition cause : null
2025-08-30 10:21:16,194 [INFO] LogOutputStream:77 - [STDOUT_REDIRECT] 1 : Invalid condition id : UX_CORESTACK_Condition cause : null
2025-08-30 10:21:16,198 [WARN] PackLoader:240 - Cannot read IP mode file for STMicroelectronics.X-CUBE-AZRTOS-WL.2.0.0
2025-08-30 10:21:16,205 [WARN] PackLoader:240 - Cannot read IP mode file for STMicroelectronics.FP-SNS-MOTENV1.5.0.0
2025-08-30 10:21:16,214 [WARN] PackLoader:240 - Cannot read IP mode file for wolfSSL.I-CUBE-wolfMQTT.1.19.0
2025-08-30 10:21:16,220 [WARN] PackLoader:240 - Cannot read IP mode file for WES.I-CUBE-Cesium.1.3.0
2025-08-30 10:21:16,226 [WARN] PackLoader:240 - Cannot read IP mode file for STMicroelectronics.X-CUBE-BLE2.3.3.0
2025-08-30 10:21:16,236 [WARN] PackLoader:240 - Cannot read IP mode file for STMicroelectronics.X-CUBE-DISPLAY.2.2.0
2025-08-30 10:21:16,251 [WARN] PackLoader:240 - Cannot read IP mode file for STMicroelectronics.X-CUBE-TOF1.3.2.0
2025-08-30 10:21:16,263 [WARN] PackLoader:240 - Cannot read IP mode file for STMicroelectronics.X-CUBE-ISPU.1.0.0
2025-08-30 10:21:16,296 [WARN] ConditionMgr:438 - getConditionDescription Invalid condition id : Dummy Dependencies cause : null
2025-08-30 10:21:16,534 [WARN] ConditionMgr:1044 - genDependencies : Invalid condition id : Dummy Dependencies cause : null
2025-08-30 10:21:16,547 [WARN] ConditionMgr:1044 - genDependencies : Invalid condition id : Dummy Dependencies cause : null
2025-08-30 10:21:16,549 [WARN] ConditionMgr:1044 - genDependencies : Invalid condition id : Dummy Dependencies cause : null
2025-08-30 10:21:16,571 [WARN] ConditionMgr:438 - getConditionDescription Invalid condition id : Dummy Dependencies cause : null
2025-08-30 10:21:16,705 [WARN] PackLoader:240 - Cannot read IP mode file for STMicroelectronics.X-CUBE-NFC9.1.0.0
2025-08-30 10:21:16,725 [WARN] PackLoader:240 - Cannot read IP mode file for STMicroelectronics.X-CUBE-AZRTOS-H7.2.1.0
2025-08-30 10:21:16,732 [WARN] PackLoader:240 - Cannot read IP mode file for wolfSSL.I-CUBE-wolfSSL.5.8.2
2025-08-30 10:21:16,736 [WARN] PackLoader:240 - Cannot read IP mode file for STMicroelectronics.X-CUBE-BLE1.7.1.0
2025-08-30 10:21:16,740 [WARN] PackLoader:240 - Cannot read IP mode file for wolfSSL.I-CUBE-wolfMQTT.1.19.2
2025-08-30 10:21:16,746 [WARN] PackLoader:240 - Cannot read IP mode file for STMicroelectronics.X-CUBE-TCPP.4.1.0
2025-08-30 10:21:16,755 [WARN] PackLoader:240 - Cannot read IP mode file for STMicroelectronics.X-CUBE-EEPRMA1.5.2.0
2025-08-30 10:21:16,759 [WARN] PackLoader:240 - Cannot read IP mode file for STMicroelectronics.X-CUBE-TOUCHGFX.4.21.1
2025-08-30 10:21:16,763 [WARN] PackLoader:240 - Cannot read IP mode file for STMicroelectronics.X-CUBE-TOUCHGFX.4.21.0
2025-08-30 10:21:16,765 [WARN] PackLoader:240 - Cannot read IP mode file for STMicroelectronics.X-CUBE-TOUCHGFX.4.21.4
2025-08-30 10:21:16,800 [WARN] PackLoader:240 - Cannot read IP mode file for STMicroelectronics.X-CUBE-MEMS1.9.4.0
2025-08-30 10:21:16,898 [WARN] PackLoader:240 - Cannot read IP mode file for STMicroelectronics.X-CUBE-AI.7.3.0
2025-08-30 10:21:16,902 [WARN] PackLoader:240 - Cannot read IP mode file for STMicroelectronics.X-CUBE-AI.10.1.0
2025-08-30 10:21:16,908 [WARN] PackLoader:240 - Cannot read IP mode file for STMicroelectronics.X-CUBE-ALGOBUILD.1.3.0
2025-08-30 10:21:16,964 [WARN] PackLoader:240 - Cannot read IP mode file for STMicroelectronics.X-CUBE-MEMS1.11.2.0
2025-08-30 10:21:17,059 [WARN] PackLoader:240 - Cannot read IP mode file for STMicroelectronics.X-CUBE-AZRTOS-G0.1.1.0
2025-08-30 10:21:17,067 [WARN] PackLoader:240 - Cannot read IP mode file for STMicroelectronics.X-CUBE-SAFEA1.1.2.2
2025-08-30 10:21:17,073 [WARN] PackLoader:240 - Cannot read IP mode file for STMicroelectronics.X-CUBE-NFC4.3.0.0
2025-08-30 10:21:17,108 [WARN] PackLoader:240 - Cannot read IP mode file for SEGGER.I-CUBE-embOS.1.2.0
2025-08-30 10:21:17,322 [WARN] PackLoader:240 - Cannot read IP mode file for EmbeddedOffice.I-CUBE-FS-RTOS.1.0.1
2025-08-30 10:21:17,330 [WARN] PackLoader:240 - Cannot read IP mode file for STMicroelectronics.X-CUBE-WB05N.2.0.0
2025-08-30 10:21:17,340 [WARN] PackLoader:240 - Cannot read IP mode file for STMicroelectronics.X-CUBE-BLEMGR.3.0.0
2025-08-30 10:21:17,347 [WARN] PackLoader:240 - Cannot read IP mode file for wolfSSL.I-CUBE-wolfTPM.3.8.0
2025-08-30 10:21:17,363 [WARN] PackLoader:240 - Cannot read IP mode file for STMicroelectronics.X-CUBE-BLEMGR.1.3.0
2025-08-30 10:21:17,371 [WARN] PackLoader:240 - Cannot read IP mode file for STMicroelectronics.X-CUBE-TCPP.4.2.0
2025-08-30 10:21:17,379 [WARN] PackLoader:240 - Cannot read IP mode file for RealThread.X-CUBE-RT-Thread_Nano.4.1.1
2025-08-30 10:21:17,384 [WARN] PackLoader:240 - Cannot read IP mode file for STMicroelectronics.FP-ATR-SIGFOX1.3.2.0
2025-08-30 10:21:17,389 [WARN] ConditionMgr:438 - getConditionDescription Invalid condition id : Cortex-A Device cause : null
2025-08-30 10:21:17,399 [WARN] ConditionMgr:1044 - genDependencies : Invalid condition id : Cortex-A Device cause : null
2025-08-30 10:21:17,399 [WARN] ConditionMgr:1044 - genDependencies : Invalid condition id : Cortex-A Device cause : null
2025-08-30 10:21:17,399 [WARN] ConditionMgr:1044 - genDependencies : Invalid condition id : Cortex-A Device cause : null
2025-08-30 10:21:17,405 [WARN] PackLoader:240 - Cannot read IP mode file for STMicroelectronics.X-CUBE-EEPRMA1.5.1.0
2025-08-30 10:21:17,412 [WARN] PackLoader:240 - Cannot read IP mode file for emotas.I-CUBE-CANOPEN.1.1.2
2025-08-30 10:21:17,416 [WARN] PackLoader:240 - Cannot read IP mode file for STMicroelectronics.X-CUBE-TOUCHGFX.4.20.0
2025-08-30 10:21:17,424 [WARN] PackLoader:240 - Cannot read IP mode file for ITTIA_DB.I-CUBE-ITTIADB.8.9.0
2025-08-30 10:21:17,432 [WARN] PackLoader:240 - Cannot read IP mode file for STMicroelectronics.X-CUBE-ST67W61.1.0.0
2025-08-30 10:21:17,436 [WARN] PackLoader:240 - Cannot read IP mode file for STMicroelectronics.X-CUBE-AI.10.2.0
2025-08-30 10:21:17,464 [WARN] PackLoader:240 - Cannot read IP mode file for SEGGER.I-CUBE-embOS.1.3.1
2025-08-30 10:21:17,513 [WARN] PackLoader:240 - Cannot read IP mode file for STMicroelectronics.X-CUBE-ALGOBUILD.1.4.0
2025-08-30 10:21:17,513 [INFO] WebApp:463 - Apply proxy settings
2025-08-30 10:21:17,513 [INFO] WebApp:548 - Chromium requires no authentication
2025-08-30 10:21:17,535 [INFO] WebApp:491 - Direct internet connection detected
2025-08-30 10:21:17,565 [WARN] PackLoader:240 - Cannot read IP mode file for STMicroelectronics.X-CUBE-MEMS1.11.3.0
2025-08-30 10:21:17,584 [INFO] WebApp:900 - Register for checkConnection events
2025-08-30 10:21:17,584 [INFO] WebApp:463 - Apply proxy settings
2025-08-30 10:21:17,584 [INFO] WebApp:548 - Chromium requires no authentication
2025-08-30 10:21:17,585 [INFO] WebApp:491 - Direct internet connection detected
2025-08-30 10:21:17,654 [WARN] PackLoader:240 - Cannot read IP mode file for STMicroelectronics.X-CUBE-AI.9.1.0
2025-08-30 10:21:17,659 [WARN] PackLoader:240 - Cannot read IP mode file for STMicroelectronics.X-CUBE-PM33A1.1.0.0
2025-08-30 10:21:17,665 [WARN] PackLoader:240 - Cannot read IP mode file for STMicroelectronics.X-CUBE-GNSS1.6.0.0
2025-08-30 10:21:17,676 [WARN] PackLoader:240 - Cannot read IP mode file for STMicroelectronics.X-CUBE-AZRTOS-F4.1.1.0
2025-08-30 10:21:17,682 [WARN] PackLoader:240 - Cannot read IP mode file for Avnet-IotConnect.X-CUBE-IoTC-DA16k-PMOD.1.0.0
2025-08-30 10:21:17,686 [WARN] PackLoader:240 - Cannot read IP mode file for STMicroelectronics.X-CUBE-ISPU.2.1.0
2025-08-30 10:21:17,692 [WARN] PackLoader:240 - Cannot read IP mode file for STMicroelectronics.X-CUBE-FREERTOS.1.2.0
2025-08-30 10:21:17,694 [WARN] PackLoader:240 - Cannot read IP mode file for wolfSSL.I-CUBE-wolfSSL.5.6.6
2025-08-30 10:21:17,699 [WARN] PackLoader:240 - Cannot read IP mode file for STMicroelectronics.X-CUBE-NFC12.1.0.0
2025-08-30 10:21:17,711 [WARN] PackLoader:240 - Cannot read IP mode file for STMicroelectronics.X-CUBE-AZRTOS-L5.2.0.0
2025-08-30 10:21:17,748 [WARN] PackLoader:240 - Cannot read IP mode file for STMicroelectronics.X-CUBE-MEMS1.9.6.0
2025-08-30 10:21:17,840 [WARN] PackLoader:240 - Cannot read IP mode file for STMicroelectronics.X-CUBE-EEPRMA1.4.2.0
2025-08-30 10:21:17,846 [WARN] PackLoader:240 - Cannot read IP mode file for STMicroelectronics.X-CUBE-NFC6.3.1.0
2025-08-30 10:21:17,850 [WARN] PackLoader:240 - Cannot read IP mode file for ITTIA_DB.I-CUBE-ITTIADB.8.8.0
2025-08-30 10:21:17,858 [WARN] PackLoader:240 - Cannot read IP mode file for STMicroelectronics.X-CUBE-BLEMGR.2.0.0
2025-08-30 10:21:17,865 [WARN] PackLoader:240 - Cannot read IP mode file for STMicroelectronics.X-CUBE-DPower.1.2.0
2025-08-30 10:21:17,870 [WARN] PackLoader:240 - Cannot read IP mode file for STMicroelectronics.X-CUBE-NFC4.2.0.5
2025-08-30 10:21:17,876 [WARN] PackLoader:240 - Cannot read IP mode file for STMicroelectronics.X-CUBE-NFC4.2.0.4
2025-08-30 10:21:17,881 [WARN] PackLoader:240 - Cannot read IP mode file for STMicroelectronics.X-CUBE-AI.9.0.0
2025-08-30 10:21:17,896 [WARN] ConditionMgr:438 - getConditionDescription Invalid condition id : UX DEVICE CLASS RTOS Condition cause : null
2025-08-30 10:21:17,898 [WARN] ConditionMgr:438 - getConditionDescription Invalid condition id : UX DEVICE CLASS RTOS Condition cause : null
2025-08-30 10:21:17,900 [WARN] PackLoader:240 - Cannot read IP mode file for STMicroelectronics.X-CUBE-AZRTOS-H7.3.1.0
2025-08-30 10:21:17,901 [WARN] ConditionMgr:1044 - genDependencies : Invalid condition id : UX DEVICE CLASS RTOS Condition cause : null
2025-08-30 10:21:17,902 [WARN] ConditionMgr:1044 - genDependencies : Invalid condition id : UX DEVICE CLASS RTOS Condition cause : null
2025-08-30 10:21:17,903 [WARN] ConditionMgr:1044 - genDependencies : Invalid condition id : UX DEVICE CLASS RTOS Condition cause : null
2025-08-30 10:21:17,904 [WARN] ConditionMgr:1044 - genDependencies : Invalid condition id : UX DEVICE CLASS RTOS Condition cause : null
2025-08-30 10:21:17,904 [WARN] ConditionMgr:1044 - genDependencies : Invalid condition id : UX DEVICE CLASS RTOS Condition cause : null
2025-08-30 10:21:17,904 [INFO] WebApp:191 - Connection restablished
2025-08-30 10:21:17,910 [WARN] PackLoader:240 - Cannot read IP mode file for STMicroelectronics.X-CUBE-FREERTOS.1.3.1
2025-08-30 10:21:17,913 [INFO] WebApp:225 - Starting web application
2025-08-30 10:21:17,913 [INFO] WebApp:593 - Web application path used C:\ST\STM32CubeIDE_1.14.0\STM32CubeIDE\plugins\com.st.stm32cube.common.mx_6.15.0.202507011659\db\plugins\mcufinder\reactClient1\index.html
2025-08-30 10:21:17,914 [WARN] PackLoader:240 - Cannot read IP mode file for STMicroelectronics.X-CUBE-FREERTOS.1.3.0
2025-08-30 10:21:17,919 [WARN] PackLoader:240 - Cannot read IP mode file for STMicroelectronics.X-CUBE-NFC7.1.0.1
2025-08-30 10:21:17,925 [WARN] PackLoader:240 - Cannot read IP mode file for STMicroelectronics.X-CUBE-NFC7.1.0.0
2025-08-30 10:21:17,933 [WARN] PackLoader:240 - Cannot read IP mode file for STMicroelectronics.X-CUBE-NFC6.3.0.0
2025-08-30 10:21:17,940 [WARN] PackLoader:240 - Cannot read IP mode file for STMicroelectronics.X-CUBE-EEPRMA1.4.1.0
2025-08-30 10:21:17,949 [WARN] PackLoader:240 - Cannot read IP mode file for STMicroelectronics.FP-SNS-STAIOTCFT.1.0.0
2025-08-30 10:21:17,954 [WARN] PackLoader:240 - Cannot read IP mode file for STMicroelectronics.X-CUBE-DPower.1.3.0
2025-08-30 10:21:17,959 [WARN] PackLoader:240 - Cannot read IP mode file for STMicroelectronics.X-CUBE-AI.8.1.0
2025-08-30 10:21:17,975 [WARN] ConditionMgr:438 - getConditionDescription Invalid condition id : LAN8742 Phy interface Condition cause : null
2025-08-30 10:21:17,976 [WARN] PackLoader:240 - Cannot read IP mode file for STMicroelectronics.X-CUBE-AZRTOS-L4.2.0.0
2025-08-30 10:21:17,977 [WARN] ConditionMgr:1044 - genDependencies : Invalid condition id : LAN8742 Phy interface Condition cause : null
2025-08-30 10:21:17,977 [WARN] ConditionMgr:1044 - genDependencies : Invalid condition id : LAN8742 Phy interface Condition cause : null
2025-08-30 10:21:17,977 [WARN] ConditionMgr:1044 - genDependencies : Invalid condition id : LAN8742 Phy interface Condition cause : null
2025-08-30 10:21:17,986 [WARN] PackLoader:240 - Cannot read IP mode file for STMicroelectronics.X-CUBE-SFXS2LP1.4.0.0
2025-08-30 10:21:18,001 [WARN] PackLoader:240 - Cannot read IP mode file for STMicroelectronics.X-CUBE-AZRTOS-H7.3.0.0
2025-08-30 10:21:18,008 [WARN] PackLoader:240 - Cannot read IP mode file for STMicroelectronics.X-CUBE-ISPU.1.1.0
2025-08-30 10:21:18,024 [WARN] PackLoader:240 - Cannot read IP mode file for STMicroelectronics.X-CUBE-AZRTOS-H7.3.3.0
2025-08-30 10:21:18,034 [WARN] PackLoader:240 - Cannot read IP mode file for RoweBots.I-CUBE-UNISONRTOS.5.5.0-4
2025-08-30 10:21:18,038 [WARN] PackLoader:240 - Cannot read IP mode file for wolfSSL.I-CUBE-wolfSSL.5.4.0
2025-08-30 10:21:18,048 [WARN] PackLoader:240 - Cannot read IP mode file for STMicroelectronics.X-CUBE-BLEMGR.4.1.0
2025-08-30 10:21:18,059 [WARN] PackLoader:240 - Cannot read IP mode file for STMicroelectronics.X-CUBE-IPS.3.0.0
2025-08-30 10:21:18,070 [INFO] UserAuth:487 - Internet connection configuration mode: 1
2025-08-30 10:21:18,077 [WARN] ConditionMgr:438 - getConditionDescription Invalid condition id : UX DEVICE CLASS RTOS Condition cause : null
2025-08-30 10:21:18,077 [WARN] ConditionMgr:438 - getConditionDescription Invalid condition id : UX DEVICE CLASS RTOS Condition cause : null
2025-08-30 10:21:18,094 [WARN] PackLoader:240 - Cannot read IP mode file for STMicroelectronics.X-CUBE-AZRTOS-WB.2.0.0
2025-08-30 10:21:18,094 [WARN] ConditionMgr:1044 - genDependencies : Invalid condition id : UX DEVICE CLASS RTOS Condition cause : null
2025-08-30 10:21:18,095 [WARN] ConditionMgr:1044 - genDependencies : Invalid condition id : UX DEVICE CLASS RTOS Condition cause : null
2025-08-30 10:21:18,095 [WARN] ConditionMgr:1044 - genDependencies : Invalid condition id : UX DEVICE CLASS RTOS Condition cause : null
2025-08-30 10:21:18,095 [WARN] ConditionMgr:1044 - genDependencies : Invalid condition id : UX DEVICE CLASS RTOS Condition cause : null
2025-08-30 10:21:18,096 [WARN] ConditionMgr:1044 - genDependencies : Invalid condition id : UX DEVICE CLASS RTOS Condition cause : null
2025-08-30 10:21:18,101 [WARN] PackLoader:240 - Cannot read IP mode file for STMicroelectronics.X-CUBE-FREERTOS.1.0.1
2025-08-30 10:21:18,106 [WARN] PackLoader:240 - Cannot read IP mode file for STMicroelectronics.X-CUBE-GNSS1.7.0.0
2025-08-30 10:21:18,113 [WARN] PackLoader:240 - Cannot read IP mode file for STMicroelectronics.X-CUBE-GNSS1.7.0.1
2025-08-30 10:21:18,120 [WARN] PackLoader:240 - Cannot read IP mode file for STMicroelectronics.X-CUBE-BLEMGR.1.0.0
2025-08-30 10:21:18,126 [WARN] PackLoader:240 - Cannot read IP mode file for STMicroelectronics.X-CUBE-TOUCHGFX.4.25.0
2025-08-30 10:21:18,133 [WARN] PackLoader:240 - Cannot read IP mode file for STMicroelectronics.FP-SNS-STBOX1.2.0.0
2025-08-30 10:21:18,138 [WARN] ConditionMgr:438 - getConditionDescription Invalid condition id : Cortex-A Device cause : null
2025-08-30 10:21:18,147 [WARN] ConditionMgr:1044 - genDependencies : Invalid condition id : Cortex-A Device cause : null
2025-08-30 10:21:18,147 [WARN] ConditionMgr:1044 - genDependencies : Invalid condition id : Cortex-A Device cause : null
2025-08-30 10:21:18,147 [WARN] ConditionMgr:1044 - genDependencies : Invalid condition id : Cortex-A Device cause : null
2025-08-30 10:21:18,160 [WARN] PackLoader:240 - Cannot read IP mode file for STMicroelectronics.X-CUBE-AZRTOS-L5.1.1.0
2025-08-30 10:21:18,165 [WARN] PackLoader:240 - Cannot read IP mode file for STMicroelectronics.X-CUBE-AI.8.0.1
2025-08-30 10:21:18,175 [WARN] PackLoader:240 - Cannot read IP mode file for STMicroelectronics.X-CUBE-SUBG2.5.0.0
2025-08-30 10:21:18,196 [WARN] PackLoader:240 - Cannot read IP mode file for STMicroelectronics.X-CUBE-AZRTOS-H7RS.1.1.0
2025-08-30 10:21:18,205 [WARN] PackLoader:240 - Cannot read IP mode file for Cesanta.I-CUBE-Mongoose.7.13.0
2025-08-30 10:21:18,219 [WARN] PackLoader:240 - Cannot read IP mode file for STMicroelectronics.X-CUBE-AZRTOS-G4.2.0.0
2025-08-30 10:21:18,231 [WARN] PackLoader:240 - Cannot read IP mode file for STMicroelectronics.X-CUBE-TOF1.3.3.0
2025-08-30 10:21:18,241 [WARN] PackLoader:240 - Cannot read IP mode file for STMicroelectronics.FP-ATR-ASTRA1.1.1.1
2025-08-30 10:21:18,251 [WARN] PackLoader:240 - Cannot read IP mode file for Infineon.AIROC-Wi-Fi-Bluetooth-STM32.1.5.1
2025-08-30 10:21:18,258 [WARN] PackLoader:240 - Cannot read IP mode file for STMicroelectronics.FP-ATR-ASTRA1.1.1.0
2025-08-30 10:21:18,263 [WARN] PackLoader:240 - Cannot read IP mode file for wolfSSL.I-CUBE-wolfSSH.1.4.20
2025-08-30 10:21:18,269 [WARN] PackLoader:240 - Cannot read IP mode file for STMicroelectronics.X-CUBE-NFC7.2.0.0
2025-08-30 10:21:18,272 [WARN] PackLoader:240 - Cannot read IP mode file for STMicroelectronics.FP-SNS-MOTENVWB1.1.3.1
2025-08-30 10:21:18,285 [WARN] PackLoader:240 - Cannot read IP mode file for STMicroelectronics.X-CUBE-AZRTOS-G4.1.0.0
2025-08-30 10:21:18,300 [WARN] PackLoader:240 - Cannot read IP mode file for STMicroelectronics.X-CUBE-AZRTOS-L4.1.0.0
2025-08-30 10:21:18,306 [WARN] PackLoader:240 - Cannot read IP mode file for STMicroelectronics.X-CUBE-ISPU.2.0.0
2025-08-30 10:21:18,316 [WARN] PackLoader:240 - Cannot read IP mode file for STMicroelectronics.X-CUBE-IPS.3.1.0
2025-08-30 10:21:18,326 [WARN] PackLoader:240 - Cannot read IP mode file for STMicroelectronics.X-CUBE-ALS.1.0.2
2025-08-30 10:21:18,375 [WARN] PackLoader:240 - Cannot read IP mode file for STMicroelectronics.X-CUBE-MEMS1.10.0.0
2025-08-30 10:21:18,484 [WARN] PackLoader:240 - Cannot read IP mode file for STMicroelectronics.X-CUBE-FREERTOS.1.1.0
2025-08-30 10:21:18,489 [WARN] PackLoader:240 - Cannot read IP mode file for STMicroelectronics.X-CUBE-TOUCHGFX.4.24.0
2025-08-30 10:21:18,519 [WARN] PackLoader:240 - Cannot read IP mode file for STMicroelectronics.X-CUBE-AZRTOS-WL.1.0.0
2025-08-30 10:21:18,528 [WARN] PackLoader:240 - Cannot read IP mode file for STMicroelectronics.X-CUBE-TOUCHGFX.4.24.1
2025-08-30 10:21:18,531 [WARN] PackLoader:240 - Cannot read IP mode file for wolfSSL.I-CUBE-wolfTPM.3.4.0
2025-08-30 10:21:18,539 [WARN] PackLoader:240 - Cannot read IP mode file for portGmbH.I-Cube-SoM-uGOAL.1.1.0
2025-08-30 10:21:18,544 [WARN] PackLoader:240 - Cannot read IP mode file for STMicroelectronics.X-CUBE-ALS.1.0.1
2025-08-30 10:21:18,561 [WARN] PackLoader:240 - Cannot read IP mode file for STMicroelectronics.X-CUBE-AZRTOS-WB.1.1.0
2025-08-30 10:21:18,584 [WARN] PackLoader:240 - Cannot read IP mode file for STMicroelectronics.X-CUBE-AZRTOS-L5.1.0.0
2025-08-30 10:21:18,595 [WARN] PackLoader:240 - Cannot read IP mode file for STMicroelectronics.X-CUBE-EEPRMA1.3.1.1
2025-08-30 10:21:18,615 [WARN] PackLoader:240 - Cannot read IP mode file for STMicroelectronics.X-CUBE-AZRTOS-H7RS.1.0.0
2025-08-30 10:21:18,621 [WARN] PackLoader:240 - Cannot read IP mode file for STMicroelectronics.FP-ATR-ASTRA1.2.0.0
2025-08-30 10:21:18,631 [WARN] PackLoader:240 - Cannot read IP mode file for STMicroelectronics.X-CUBE-TOF1.3.4.2
2025-08-30 10:21:18,649 [WARN] PackLoader:240 - Cannot read IP mode file for STMicroelectronics.X-CUBE-TOF1.3.4.3
2025-08-30 10:21:18,666 [WARN] PackLoader:240 - Cannot read IP mode file for STMicroelectronics.X-CUBE-TOF1.3.4.0
2025-08-30 10:21:18,683 [WARN] PackLoader:240 - Cannot read IP mode file for STMicroelectronics.X-CUBE-TOF1.3.4.1
2025-08-30 10:21:18,707 [WARN] PackLoader:240 - Cannot read IP mode file for STMicroelectronics.X-CUBE-AZRTOS-H7.3.2.0
2025-08-30 10:21:18,712 [WARN] PackLoader:240 - Cannot read IP mode file for wolfSSL.I-CUBE-wolfSSH.1.4.17
2025-08-30 10:21:18,713 [INFO] ThirdParty:978 - Integrity check success = true
2025-08-30 10:21:18,713 [INFO] IntegrityCheckThread:100 - exiting critical section [integrity check]
2025-08-30 10:21:18,713 [INFO] IntegrityCheckThread:103 - End integrity checks thread
2025-08-30 22:40:21,734 [ERROR] LogOutputStream:75 - [STDERR_REDIRECT] 
